<?xml version="1.0" encoding="utf-8"?>
<test-run id="2" testcasecount="4" result="Passed" total="4" passed="4" failed="0" inconclusive="0" skipped="0" asserts="0" engine-version="3.5.0.0" clr-version="4.0.30319.42000" start-time="2026-05-20 09:16:54Z" end-time="2026-05-20 09:16:54Z" duration="0.1929262">
  <test-suite type="TestSuite" id="1000" name="sdk-unity" fullname="sdk-unity" runstate="Runnable" testcasecount="56" result="Passed" start-time="2026-05-20 09:16:54Z" end-time="2026-05-20 09:16:54Z" duration="0.192926" total="4" passed="4" failed="0" inconclusive="0" skipped="0" asserts="0">
    <properties>
      <property name="platform" value="EditMode" />
    </properties>
    <test-suite type="Assembly" id="1070" name="Attriax.EditorTests.dll" fullname="C:/Users/timon/Projects/attriax/sdk-unity/Library/ScriptAssemblies/Attriax.EditorTests.dll" runstate="Runnable" testcasecount="56" result="Passed" start-time="2026-05-20 09:16:54Z" end-time="2026-05-20 09:16:54Z" duration="0.186537" total="4" passed="4" failed="0" inconclusive="0" skipped="0" asserts="0">
      <properties>
        <property name="_PID" value="59496" />
        <property name="_APPDOMAIN" value="Unity Child Domain" />
        <property name="platform" value="EditMode" />
        <property name="EditorOnly" value="True" />
      </properties>
      <test-suite type="TestSuite" id="1071" name="Attriax" fullname="Attriax" runstate="Runnable" testcasecount="56" result="Passed" start-time="2026-05-20 09:16:54Z" end-time="2026-05-20 09:16:54Z" duration="0.185711" total="4" passed="4" failed="0" inconclusive="0" skipped="0" asserts="0">
        <properties />
        <test-suite type="TestSuite" id="1072" name="Unity" fullname="Attriax.Unity" runstate="Runnable" testcasecount="56" result="Passed" start-time="2026-05-20 09:16:54Z" end-time="2026-05-20 09:16:54Z" duration="0.185223" total="4" passed="4" failed="0" inconclusive="0" skipped="0" asserts="0">
          <properties />
          <test-suite type="TestSuite" id="1073" name="Tests" fullname="Attriax.Unity.Tests" runstate="Runnable" testcasecount="56" result="Passed" start-time="2026-05-20 09:16:54Z" end-time="2026-05-20 09:16:54Z" duration="0.184705" total="4" passed="4" failed="0" inconclusive="0" skipped="0" asserts="0">
            <properties />
            <test-suite type="TestFixture" id="1011" name="AttriaxConsentManagerTests" fullname="Attriax.Unity.Tests.AttriaxConsentManagerTests" classname="Attriax.Unity.Tests.AttriaxConsentManagerTests" runstate="Runnable" testcasecount="4" result="Passed" start-time="2026-05-20 09:16:54Z" end-time="2026-05-20 09:16:54Z" duration="0.180392" total="4" passed="4" failed="0" inconclusive="0" skipped="0" asserts="0">
              <properties />
              <test-case id="1013" name="InitAutoDetectsPendingFromWindowsTimezoneWithoutNetwork" fullname="Attriax.Unity.Tests.AttriaxConsentManagerTests.InitAutoDetectsPendingFromWindowsTimezoneWithoutNetwork" methodname="InitAutoDetectsPendingFromWindowsTimezoneWithoutNetwork" classname="Attriax.Unity.Tests.AttriaxConsentManagerTests" runstate="Runnable" seed="985472782" result="Passed" start-time="2026-05-20 09:16:54Z" end-time="2026-05-20 09:16:54Z" duration="0.148798" asserts="0">
                <properties>
                  <property name="retryIteration" value="0" />
                  <property name="repeatIteration" value="0" />
                </properties>
              </test-case>
              <test-case id="1012" name="InitAutoDetectsPendingWithoutNetwork" fullname="Attriax.Unity.Tests.AttriaxConsentManagerTests.InitAutoDetectsPendingWithoutNetwork" methodname="InitAutoDetectsPendingWithoutNetwork" classname="Attriax.Unity.Tests.AttriaxConsentManagerTests" runstate="Runnable" seed="246852469" result="Passed" start-time="2026-05-20 09:16:54Z" end-time="2026-05-20 09:16:54Z" duration="0.000527" asserts="0">
                <properties>
                  <property name="retryIteration" value="0" />
                  <property name="repeatIteration" value="0" />
                </properties>
              </test-case>
              <test-case id="1014" name="NeedsConsentUsesRemoteCheckWhenGdprIsDisabled" fullname="Attriax.Unity.Tests.AttriaxConsentManagerTests.NeedsConsentUsesRemoteCheckWhenGdprIsDisabled" methodname="NeedsConsentUsesRemoteCheckWhenGdprIsDisabled" classname="Attriax.Unity.Tests.AttriaxConsentManagerTests" runstate="Runnable" seed="1114257696" result="Passed" start-time="2026-05-20 09:16:54Z" end-time="2026-05-20 09:16:54Z" duration="0.005255" asserts="0">
                <properties>
                  <property name="retryIteration" value="0" />
                  <property name="repeatIteration" value="0" />
                </properties>
              </test-case>
              <test-case id="1015" name="SetConsentPersistsAndSyncsGrantedValues" fullname="Attriax.Unity.Tests.AttriaxConsentManagerTests.SetConsentPersistsAndSyncsGrantedValues" methodname="SetConsentPersistsAndSyncsGrantedValues" classname="Attriax.Unity.Tests.AttriaxConsentManagerTests" runstate="Runnable" seed="1723869681" result="Passed" start-time="2026-05-20 09:16:54Z" end-time="2026-05-20 09:16:54Z" duration="0.016595" asserts="0">
                <properties>
                  <property name="retryIteration" value="0" />
                  <property name="repeatIteration" value="0" />
                </properties>
                <output><![CDATA[Saving results to: C:\Users\timon\Projects\attriax\sdk-unity\TestResults-639148762147259283.xml
]]></output>
              </test-case>
            </test-suite>
          </test-suite>
        </test-suite>
      </test-suite>
    </test-suite>
  </test-suite>
</test-run>