<?xml version="1.0" encoding="utf-8"?>
<test-run id="2" testcasecount="26" result="Passed" total="26" passed="26" failed="0" inconclusive="0" skipped="0" asserts="0" engine-version="3.5.0.0" clr-version="4.0.30319.42000" start-time="2026-05-15 09:49:37Z" end-time="2026-05-15 09:49:37Z" duration="0.259502">
  <test-suite type="TestSuite" id="1000" name="sdk-unity" fullname="sdk-unity" runstate="Runnable" testcasecount="26" result="Passed" start-time="2026-05-15 09:49:37Z" end-time="2026-05-15 09:49:37Z" duration="0.259502" total="26" passed="26" failed="0" inconclusive="0" skipped="0" asserts="0">
    <properties>
      <property name="platform" value="EditMode" />
    </properties>
    <test-suite type="Assembly" id="1034" name="Attriax.EditorTests.dll" fullname="C:/Users/timon/Projects/attriax/sdk-unity/Library/ScriptAssemblies/Attriax.EditorTests.dll" runstate="Runnable" testcasecount="26" result="Passed" start-time="2026-05-15 09:49:37Z" end-time="2026-05-15 09:49:37Z" duration="0.254641" total="26" passed="26" failed="0" inconclusive="0" skipped="0" asserts="0">
      <properties>
        <property name="_PID" value="50172" />
        <property name="_APPDOMAIN" value="Unity Child Domain" />
        <property name="platform" value="EditMode" />
        <property name="EditorOnly" value="True" />
      </properties>
      <test-suite type="TestSuite" id="1035" name="Attriax" fullname="Attriax" runstate="Runnable" testcasecount="26" result="Passed" start-time="2026-05-15 09:49:37Z" end-time="2026-05-15 09:49:37Z" duration="0.254257" total="26" passed="26" failed="0" inconclusive="0" skipped="0" asserts="0">
        <properties />
        <test-suite type="TestSuite" id="1036" name="Unity" fullname="Attriax.Unity" runstate="Runnable" testcasecount="26" result="Passed" start-time="2026-05-15 09:49:37Z" end-time="2026-05-15 09:49:37Z" duration="0.254028" total="26" passed="26" failed="0" inconclusive="0" skipped="0" asserts="0">
          <properties />
          <test-suite type="TestSuite" id="1037" name="Tests" fullname="Attriax.Unity.Tests" runstate="Runnable" testcasecount="26" result="Passed" start-time="2026-05-15 09:49:37Z" end-time="2026-05-15 09:49:37Z" duration="0.253731" total="26" passed="26" failed="0" inconclusive="0" skipped="0" asserts="0">
            <properties />
            <test-suite type="TestFixture" id="1001" name="AttriaxAppOpenManagerTests" fullname="Attriax.Unity.Tests.AttriaxAppOpenManagerTests" classname="Attriax.Unity.Tests.AttriaxAppOpenManagerTests" runstate="Runnable" testcasecount="1" result="Passed" start-time="2026-05-15 09:49:37Z" end-time="2026-05-15 09:49:37Z" duration="0.012131" total="1" passed="1" failed="0" inconclusive="0" skipped="0" asserts="0">
              <properties />
              <test-case id="1002" name="TracksSuccessfulResultsOnlyAfterAppOpenCompletes" fullname="Attriax.Unity.Tests.AttriaxAppOpenManagerTests.TracksSuccessfulResultsOnlyAfterAppOpenCompletes" methodname="TracksSuccessfulResultsOnlyAfterAppOpenCompletes" classname="Attriax.Unity.Tests.AttriaxAppOpenManagerTests" runstate="Runnable" seed="1202583858" result="Passed" start-time="2026-05-15 09:49:37Z" end-time="2026-05-15 09:49:37Z" duration="0.005763" asserts="0">
                <properties>
                  <property name="retryIteration" value="0" />
                  <property name="repeatIteration" value="0" />
                </properties>
              </test-case>
            </test-suite>
            <test-suite type="TestFixture" id="1003" name="AttriaxConfigTests" fullname="Attriax.Unity.Tests.AttriaxConfigTests" classname="Attriax.Unity.Tests.AttriaxConfigTests" runstate="Runnable" testcasecount="5" result="Passed" start-time="2026-05-15 09:49:37Z" end-time="2026-05-15 09:49:37Z" duration="0.028662" total="5" passed="5" failed="0" inconclusive="0" skipped="0" asserts="0">
              <properties />
              <test-case id="1006" name="ConstructorAllowsIpv6LoopbackHttpForDevelopment" fullname="Attriax.Unity.Tests.AttriaxConfigTests.ConstructorAllowsIpv6LoopbackHttpForDevelopment" methodname="ConstructorAllowsIpv6LoopbackHttpForDevelopment" classname="Attriax.Unity.Tests.AttriaxConfigTests" runstate="Runnable" seed="1031562340" result="Passed" start-time="2026-05-15 09:49:37Z" end-time="2026-05-15 09:49:37Z" duration="0.023856" asserts="0">
                <properties>
                  <property name="retryIteration" value="0" />
                  <property name="repeatIteration" value="0" />
                </properties>
              </test-case>
              <test-case id="1005" name="ConstructorAllowsLocalhostHttpForDevelopment" fullname="Attriax.Unity.Tests.AttriaxConfigTests.ConstructorAllowsLocalhostHttpForDevelopment" methodname="ConstructorAllowsLocalhostHttpForDevelopment" classname="Attriax.Unity.Tests.AttriaxConfigTests" runstate="Runnable" seed="1326565894" result="Passed" start-time="2026-05-15 09:49:37Z" end-time="2026-05-15 09:49:37Z" duration="0.000799" asserts="0">
                <properties>
                  <property name="retryIteration" value="0" />
                  <property name="repeatIteration" value="0" />
                </properties>
              </test-case>
              <test-case id="1008" name="ConstructorEnablesAutomaticBrowserHandlingByDefault" fullname="Attriax.Unity.Tests.AttriaxConfigTests.ConstructorEnablesAutomaticBrowserHandlingByDefault" methodname="ConstructorEnablesAutomaticBrowserHandlingByDefault" classname="Attriax.Unity.Tests.AttriaxConfigTests" runstate="Runnable" seed="1398532146" result="Passed" start-time="2026-05-15 09:49:37Z" end-time="2026-05-15 09:49:37Z" duration="0.000530" asserts="0">
                <properties>
                  <property name="retryIteration" value="0" />
                  <property name="repeatIteration" value="0" />
                </properties>
              </test-case>
              <test-case id="1007" name="ConstructorRejectsInsecureRemoteApiBaseUrl" fullname="Attriax.Unity.Tests.AttriaxConfigTests.ConstructorRejectsInsecureRemoteApiBaseUrl" methodname="ConstructorRejectsInsecureRemoteApiBaseUrl" classname="Attriax.Unity.Tests.AttriaxConfigTests" runstate="Runnable" seed="703636356" result="Passed" start-time="2026-05-15 09:49:37Z" end-time="2026-05-15 09:49:37Z" duration="0.001927" asserts="0">
                <properties>
                  <property name="retryIteration" value="0" />
                  <property name="repeatIteration" value="0" />
                </properties>
              </test-case>
              <test-case id="1004" name="ConstructorRejectsMissingAppToken" fullname="Attriax.Unity.Tests.AttriaxConfigTests.ConstructorRejectsMissingAppToken" methodname="ConstructorRejectsMissingAppToken" classname="Attriax.Unity.Tests.AttriaxConfigTests" runstate="Runnable" seed="541990547" result="Passed" start-time="2026-05-15 09:49:37Z" end-time="2026-05-15 09:49:37Z" duration="0.000202" asserts="0">
                <properties>
                  <property name="retryIteration" value="0" />
                  <property name="repeatIteration" value="0" />
                </properties>
              </test-case>
            </test-suite>
            <test-suite type="TestFixture" id="1009" name="AttriaxEventHubTests" fullname="Attriax.Unity.Tests.AttriaxEventHubTests" classname="Attriax.Unity.Tests.AttriaxEventHubTests" runstate="Runnable" testcasecount="6" result="Passed" start-time="2026-05-15 09:49:37Z" end-time="2026-05-15 09:49:37Z" duration="0.005155" total="6" passed="6" failed="0" inconclusive="0" skipped="0" asserts="0">
              <properties />
              <test-case id="1015" name="DeepLinkEventMarksAttriaxManagedSubdomains" fullname="Attriax.Unity.Tests.AttriaxEventHubTests.DeepLinkEventMarksAttriaxManagedSubdomains" methodname="DeepLinkEventMarksAttriaxManagedSubdomains" classname="Attriax.Unity.Tests.AttriaxEventHubTests" runstate="Runnable" seed="1975520625" result="Passed" start-time="2026-05-15 09:49:37Z" end-time="2026-05-15 09:49:37Z" duration="0.000396" asserts="0">
                <properties>
                  <property name="retryIteration" value="0" />
                  <property name="repeatIteration" value="0" />
                </properties>
              </test-case>
              <test-case id="1014" name="DeepLinkSubscribersReceiveEmittedEvents" fullname="Attriax.Unity.Tests.AttriaxEventHubTests.DeepLinkSubscribersReceiveEmittedEvents" methodname="DeepLinkSubscribersReceiveEmittedEvents" classname="Attriax.Unity.Tests.AttriaxEventHubTests" runstate="Runnable" seed="1450160640" result="Passed" start-time="2026-05-15 09:49:37Z" end-time="2026-05-15 09:49:37Z" duration="0.000808" asserts="0">
                <properties>
                  <property name="retryIteration" value="0" />
                  <property name="repeatIteration" value="0" />
                </properties>
              </test-case>
              <test-case id="1011" name="DisposedSynchronizationSubscriptionStopsFutureNotifications" fullname="Attriax.Unity.Tests.AttriaxEventHubTests.DisposedSynchronizationSubscriptionStopsFutureNotifications" methodname="DisposedSynchronizationSubscriptionStopsFutureNotifications" classname="Attriax.Unity.Tests.AttriaxEventHubTests" runstate="Runnable" seed="1342389074" result="Passed" start-time="2026-05-15 09:49:37Z" end-time="2026-05-15 09:49:37Z" duration="0.001631" asserts="0">
                <properties>
                  <property name="retryIteration" value="0" />
                  <property name="repeatIteration" value="0" />
                </properties>
              </test-case>
              <test-case id="1013" name="RawDeepLinkSubscribersReceiveEmittedEvents" fullname="Attriax.Unity.Tests.AttriaxEventHubTests.RawDeepLinkSubscribersReceiveEmittedEvents" methodname="RawDeepLinkSubscribersReceiveEmittedEvents" classname="Attriax.Unity.Tests.AttriaxEventHubTests" runstate="Runnable" seed="1688802551" result="Passed" start-time="2026-05-15 09:49:37Z" end-time="2026-05-15 09:49:37Z" duration="0.000429" asserts="0">
                <properties>
                  <property name="retryIteration" value="0" />
                  <property name="repeatIteration" value="0" />
                </properties>
              </test-case>
              <test-case id="1012" name="ResetRestoresTheInitializingSynchronizationState" fullname="Attriax.Unity.Tests.AttriaxEventHubTests.ResetRestoresTheInitializingSynchronizationState" methodname="ResetRestoresTheInitializingSynchronizationState" classname="Attriax.Unity.Tests.AttriaxEventHubTests" runstate="Runnable" seed="1650118080" result="Passed" start-time="2026-05-15 09:49:37Z" end-time="2026-05-15 09:49:37Z" duration="0.000183" asserts="0">
                <properties>
                  <property name="retryIteration" value="0" />
                  <property name="repeatIteration" value="0" />
                </properties>
              </test-case>
              <test-case id="1010" name="SynchronizationSubscribersReceiveStateChangesInOrder" fullname="Attriax.Unity.Tests.AttriaxEventHubTests.SynchronizationSubscribersReceiveStateChangesInOrder" methodname="SynchronizationSubscribersReceiveStateChangesInOrder" classname="Attriax.Unity.Tests.AttriaxEventHubTests" runstate="Runnable" seed="1687318061" result="Passed" start-time="2026-05-15 09:49:37Z" end-time="2026-05-15 09:49:37Z" duration="0.000145" asserts="0">
                <properties>
                  <property name="retryIteration" value="0" />
                  <property name="repeatIteration" value="0" />
                </properties>
              </test-case>
            </test-suite>
            <test-suite type="TestFixture" id="1016" name="AttriaxGeneratedRequestFactoryTests" fullname="Attriax.Unity.Tests.AttriaxGeneratedRequestFactoryTests" classname="Attriax.Unity.Tests.AttriaxGeneratedRequestFactoryTests" runstate="Runnable" testcasecount="5" result="Passed" start-time="2026-05-15 09:49:37Z" end-time="2026-05-15 09:49:37Z" duration="0.009068" total="5" passed="5" failed="0" inconclusive="0" skipped="0" asserts="0">
              <properties />
              <test-case id="1021" name="BuildOpenRequestIncludesInstallReferrerContextFields" fullname="Attriax.Unity.Tests.AttriaxGeneratedRequestFactoryTests.BuildOpenRequestIncludesInstallReferrerContextFields" methodname="BuildOpenRequestIncludesInstallReferrerContextFields" classname="Attriax.Unity.Tests.AttriaxGeneratedRequestFactoryTests" runstate="Runnable" seed="1682949682" result="Passed" start-time="2026-05-15 09:49:37Z" end-time="2026-05-15 09:49:37Z" duration="0.003044" asserts="0">
                <properties>
                  <property name="retryIteration" value="0" />
                  <property name="repeatIteration" value="0" />
                </properties>
              </test-case>
              <test-case id="1020" name="BuildOpenRequestIncludesTypedScreenMetrics" fullname="Attriax.Unity.Tests.AttriaxGeneratedRequestFactoryTests.BuildOpenRequestIncludesTypedScreenMetrics" methodname="BuildOpenRequestIncludesTypedScreenMetrics" classname="Attriax.Unity.Tests.AttriaxGeneratedRequestFactoryTests" runstate="Runnable" seed="593850307" result="Passed" start-time="2026-05-15 09:49:37Z" end-time="2026-05-15 09:49:37Z" duration="0.000764" asserts="0">
                <properties>
                  <property name="retryIteration" value="0" />
                  <property name="repeatIteration" value="0" />
                </properties>
              </test-case>
              <test-case id="1018" name="BuildRegisterUninstallTokenRequestReturnsGeneratedDtoWithEnumProvider" fullname="Attriax.Unity.Tests.AttriaxGeneratedRequestFactoryTests.BuildRegisterUninstallTokenRequestReturnsGeneratedDtoWithEnumProvider" methodname="BuildRegisterUninstallTokenRequestReturnsGeneratedDtoWithEnumProvider" classname="Attriax.Unity.Tests.AttriaxGeneratedRequestFactoryTests" runstate="Runnable" seed="2144673014" result="Passed" start-time="2026-05-15 09:49:37Z" end-time="2026-05-15 09:49:37Z" duration="0.002290" asserts="0">
                <properties>
                  <property name="retryIteration" value="0" />
                  <property name="repeatIteration" value="0" />
                </properties>
              </test-case>
              <test-case id="1019" name="BuildRegisterUninstallTokenRequestSupportsApnsProvider" fullname="Attriax.Unity.Tests.AttriaxGeneratedRequestFactoryTests.BuildRegisterUninstallTokenRequestSupportsApnsProvider" methodname="BuildRegisterUninstallTokenRequestSupportsApnsProvider" classname="Attriax.Unity.Tests.AttriaxGeneratedRequestFactoryTests" runstate="Runnable" seed="454310533" result="Passed" start-time="2026-05-15 09:49:37Z" end-time="2026-05-15 09:49:37Z" duration="0.000269" asserts="0">
                <properties>
                  <property name="retryIteration" value="0" />
                  <property name="repeatIteration" value="0" />
                </properties>
              </test-case>
              <test-case id="1017" name="BuildValidateReceiptRequestReturnsGeneratedDtoWithNormalizedFields" fullname="Attriax.Unity.Tests.AttriaxGeneratedRequestFactoryTests.BuildValidateReceiptRequestReturnsGeneratedDtoWithNormalizedFields" methodname="BuildValidateReceiptRequestReturnsGeneratedDtoWithNormalizedFields" classname="Attriax.Unity.Tests.AttriaxGeneratedRequestFactoryTests" runstate="Runnable" seed="533769161" result="Passed" start-time="2026-05-15 09:49:37Z" end-time="2026-05-15 09:49:37Z" duration="0.001492" asserts="0">
                <properties>
                  <property name="retryIteration" value="0" />
                  <property name="repeatIteration" value="0" />
                </properties>
              </test-case>
            </test-suite>
            <test-suite type="TestFixture" id="1022" name="AttriaxInitialDeepLinkStateTests" fullname="Attriax.Unity.Tests.AttriaxInitialDeepLinkStateTests" classname="Attriax.Unity.Tests.AttriaxInitialDeepLinkStateTests" runstate="Runnable" testcasecount="1" result="Passed" start-time="2026-05-15 09:49:37Z" end-time="2026-05-15 09:49:37Z" duration="0.005569" total="1" passed="1" failed="0" inconclusive="0" skipped="0" asserts="0">
              <properties />
              <test-case id="1023" name="WaitForInitialDeepLinkStartsPendingBeforeInitialization" fullname="Attriax.Unity.Tests.AttriaxInitialDeepLinkStateTests.WaitForInitialDeepLinkStartsPendingBeforeInitialization" methodname="WaitForInitialDeepLinkStartsPendingBeforeInitialization" classname="Attriax.Unity.Tests.AttriaxInitialDeepLinkStateTests" runstate="Runnable" seed="1003095952" result="Passed" start-time="2026-05-15 09:49:37Z" end-time="2026-05-15 09:49:37Z" duration="0.004433" asserts="0">
                <properties>
                  <property name="retryIteration" value="0" />
                  <property name="repeatIteration" value="0" />
                </properties>
              </test-case>
            </test-suite>
            <test-suite type="TestFixture" id="1024" name="AttriaxInstallReferrerStateTests" fullname="Attriax.Unity.Tests.AttriaxInstallReferrerStateTests" classname="Attriax.Unity.Tests.AttriaxInstallReferrerStateTests" runstate="Runnable" testcasecount="4" result="Passed" start-time="2026-05-15 09:49:37Z" end-time="2026-05-15 09:49:37Z" duration="0.009511" total="4" passed="4" failed="0" inconclusive="0" skipped="0" asserts="0">
              <properties />
              <test-case id="1026" name="PrepareForEnabledStateCompletesWithCachedDetails" fullname="Attriax.Unity.Tests.AttriaxInstallReferrerStateTests.PrepareForEnabledStateCompletesWithCachedDetails" methodname="PrepareForEnabledStateCompletesWithCachedDetails" classname="Attriax.Unity.Tests.AttriaxInstallReferrerStateTests" runstate="Runnable" seed="1401593296" result="Passed" start-time="2026-05-15 09:49:37Z" end-time="2026-05-15 09:49:37Z" duration="0.001334" asserts="0">
                <properties>
                  <property name="retryIteration" value="0" />
                  <property name="repeatIteration" value="0" />
                </properties>
              </test-case>
              <test-case id="1027" name="PrepareForEnabledStateReopensAfterDisabledCompletion" fullname="Attriax.Unity.Tests.AttriaxInstallReferrerStateTests.PrepareForEnabledStateReopensAfterDisabledCompletion" methodname="PrepareForEnabledStateReopensAfterDisabledCompletion" classname="Attriax.Unity.Tests.AttriaxInstallReferrerStateTests" runstate="Runnable" seed="655899092" result="Passed" start-time="2026-05-15 09:49:37Z" end-time="2026-05-15 09:49:37Z" duration="0.000966" asserts="0">
                <properties>
                  <property name="retryIteration" value="0" />
                  <property name="repeatIteration" value="0" />
                </properties>
              </test-case>
              <test-case id="1028" name="ResetRestoresThePreInitializationContract" fullname="Attriax.Unity.Tests.AttriaxInstallReferrerStateTests.ResetRestoresThePreInitializationContract" methodname="ResetRestoresThePreInitializationContract" classname="Attriax.Unity.Tests.AttriaxInstallReferrerStateTests" runstate="Runnable" seed="1589781641" result="Passed" start-time="2026-05-15 09:49:37Z" end-time="2026-05-15 09:49:37Z" duration="0.005596" asserts="0">
                <properties>
                  <property name="retryIteration" value="0" />
                  <property name="repeatIteration" value="0" />
                </properties>
              </test-case>
              <test-case id="1025" name="TaskThrowsBeforeInitialization" fullname="Attriax.Unity.Tests.AttriaxInstallReferrerStateTests.TaskThrowsBeforeInitialization" methodname="TaskThrowsBeforeInitialization" classname="Attriax.Unity.Tests.AttriaxInstallReferrerStateTests" runstate="Runnable" seed="441569189" result="Passed" start-time="2026-05-15 09:49:37Z" end-time="2026-05-15 09:49:37Z" duration="0.000526" asserts="0">
                <properties>
                  <property name="retryIteration" value="0" />
                  <property name="repeatIteration" value="0" />
                </properties>
              </test-case>
            </test-suite>
            <test-suite type="TestFixture" id="1029" name="AttriaxRequestQueueTests" fullname="Attriax.Unity.Tests.AttriaxRequestQueueTests" classname="Attriax.Unity.Tests.AttriaxRequestQueueTests" runstate="Runnable" testcasecount="4" result="Passed" start-time="2026-05-15 09:49:37Z" end-time="2026-05-15 09:49:37Z" duration="0.182167" total="4" passed="4" failed="0" inconclusive="0" skipped="0" asserts="0">
              <properties />
              <test-case id="1031" name="ClearRejectsPendingRequestsAndRemovesPersistedQueue" fullname="Attriax.Unity.Tests.AttriaxRequestQueueTests.ClearRejectsPendingRequestsAndRemovesPersistedQueue" methodname="ClearRejectsPendingRequestsAndRemovesPersistedQueue" classname="Attriax.Unity.Tests.AttriaxRequestQueueTests" runstate="Runnable" seed="1010930399" result="Passed" start-time="2026-05-15 09:49:37Z" end-time="2026-05-15 09:49:37Z" duration="0.153822" asserts="0">
                <properties>
                  <property name="retryIteration" value="0" />
                  <property name="repeatIteration" value="0" />
                </properties>
              </test-case>
              <test-case id="1030" name="ConstructorDropsInvalidPersistedPayload" fullname="Attriax.Unity.Tests.AttriaxRequestQueueTests.ConstructorDropsInvalidPersistedPayload" methodname="ConstructorDropsInvalidPersistedPayload" classname="Attriax.Unity.Tests.AttriaxRequestQueueTests" runstate="Runnable" seed="779486282" result="Passed" start-time="2026-05-15 09:49:37Z" end-time="2026-05-15 09:49:37Z" duration="0.003671" asserts="0">
                <properties>
                  <property name="retryIteration" value="0" />
                  <property name="repeatIteration" value="0" />
                </properties>
              </test-case>
              <test-case id="1033" name="PeekBatchablePrefixStopsAtEnvelopeBoundaries" fullname="Attriax.Unity.Tests.AttriaxRequestQueueTests.PeekBatchablePrefixStopsAtEnvelopeBoundaries" methodname="PeekBatchablePrefixStopsAtEnvelopeBoundaries" classname="Attriax.Unity.Tests.AttriaxRequestQueueTests" runstate="Runnable" seed="1813360282" result="Passed" start-time="2026-05-15 09:49:37Z" end-time="2026-05-15 09:49:37Z" duration="0.006095" asserts="0">
                <properties>
                  <property name="retryIteration" value="0" />
                  <property name="repeatIteration" value="0" />
                </properties>
              </test-case>
              <test-case id="1032" name="PrioritizeOpenRequestsMovesOpenEntriesToTheFront" fullname="Attriax.Unity.Tests.AttriaxRequestQueueTests.PrioritizeOpenRequestsMovesOpenEntriesToTheFront" methodname="PrioritizeOpenRequestsMovesOpenEntriesToTheFront" classname="Attriax.Unity.Tests.AttriaxRequestQueueTests" runstate="Runnable" seed="897185749" result="Passed" start-time="2026-05-15 09:49:37Z" end-time="2026-05-15 09:49:37Z" duration="0.013647" asserts="0">
                <properties>
                  <property name="retryIteration" value="0" />
                  <property name="repeatIteration" value="0" />
                </properties>
                <output><![CDATA[Saving results to: c:\Users\timon\Projects\attriax\sdk-unity\dist\unity-editmode-results.xml
]]></output>
              </test-case>
            </test-suite>
          </test-suite>
        </test-suite>
      </test-suite>
    </test-suite>
  </test-suite>
</test-run>