<?xml version="1.0" encoding="utf-8"?>
<test-run id="2" testcasecount="27" result="Passed" total="27" passed="27" failed="0" inconclusive="0" skipped="0" asserts="0" engine-version="3.5.0.0" clr-version="4.0.30319.42000" start-time="2026-05-27 10:55:52Z" end-time="2026-05-27 10:55:52Z" duration="0.246476">
  <test-suite type="TestSuite" id="1000" name="sdk-unity" fullname="sdk-unity" runstate="Runnable" testcasecount="96" result="Passed" start-time="2026-05-27 10:55:52Z" end-time="2026-05-27 10:55:52Z" duration="0.246476" total="27" passed="27" failed="0" inconclusive="0" skipped="0" asserts="0">
    <properties>
      <property name="platform" value="EditMode" />
    </properties>
    <test-suite type="Assembly" id="1116" name="Attriax.EditorTests.dll" fullname="C:/Users/timon/Projects/attriax/sdk-unity/Library/ScriptAssemblies/Attriax.EditorTests.dll" runstate="Runnable" testcasecount="96" result="Passed" start-time="2026-05-27 10:55:52Z" end-time="2026-05-27 10:55:52Z" duration="0.240396" total="27" passed="27" failed="0" inconclusive="0" skipped="0" asserts="0">
      <properties>
        <property name="_PID" value="75312" />
        <property name="_APPDOMAIN" value="Unity Child Domain" />
        <property name="platform" value="EditMode" />
        <property name="EditorOnly" value="True" />
      </properties>
      <test-suite type="TestSuite" id="1117" name="Attriax" fullname="Attriax" runstate="Runnable" testcasecount="96" result="Passed" start-time="2026-05-27 10:55:52Z" end-time="2026-05-27 10:55:52Z" duration="0.238272" total="27" passed="27" failed="0" inconclusive="0" skipped="0" asserts="0">
        <properties />
        <test-suite type="TestSuite" id="1118" name="Unity" fullname="Attriax.Unity" runstate="Runnable" testcasecount="96" result="Passed" start-time="2026-05-27 10:55:52Z" end-time="2026-05-27 10:55:52Z" duration="0.237743" total="27" passed="27" failed="0" inconclusive="0" skipped="0" asserts="0">
          <properties />
          <test-suite type="TestSuite" id="1119" name="Tests" fullname="Attriax.Unity.Tests" runstate="Runnable" testcasecount="96" result="Passed" start-time="2026-05-27 10:55:52Z" end-time="2026-05-27 10:55:52Z" duration="0.237184" total="27" passed="27" failed="0" inconclusive="0" skipped="0" asserts="0">
            <properties />
            <test-suite type="TestFixture" id="1020" name="AttriaxConsentManagerTests" fullname="Attriax.Unity.Tests.AttriaxConsentManagerTests" classname="Attriax.Unity.Tests.AttriaxConsentManagerTests" runstate="Runnable" testcasecount="10" result="Passed" start-time="2026-05-27 10:55:52Z" end-time="2026-05-27 10:55:52Z" duration="0.126670" total="10" passed="10" failed="0" inconclusive="0" skipped="0" asserts="0">
              <properties />
              <test-case id="1023" name="InitAutoDetectsPendingFromWindowsTimezoneWithoutNetwork" fullname="Attriax.Unity.Tests.AttriaxConsentManagerTests.InitAutoDetectsPendingFromWindowsTimezoneWithoutNetwork" methodname="InitAutoDetectsPendingFromWindowsTimezoneWithoutNetwork" classname="Attriax.Unity.Tests.AttriaxConsentManagerTests" runstate="Runnable" seed="998524788" result="Passed" start-time="2026-05-27 10:55:52Z" end-time="2026-05-27 10:55:52Z" duration="0.065442" asserts="0">
                <properties>
                  <property name="retryIteration" value="0" />
                  <property name="repeatIteration" value="0" />
                </properties>
              </test-case>
              <test-case id="1022" name="InitAutoDetectsPendingWithoutDeferringAnonymousTracking" fullname="Attriax.Unity.Tests.AttriaxConsentManagerTests.InitAutoDetectsPendingWithoutDeferringAnonymousTracking" methodname="InitAutoDetectsPendingWithoutDeferringAnonymousTracking" classname="Attriax.Unity.Tests.AttriaxConsentManagerTests" runstate="Runnable" seed="2120238448" result="Passed" start-time="2026-05-27 10:55:52Z" end-time="2026-05-27 10:55:52Z" duration="0.001346" asserts="0">
                <properties>
                  <property name="retryIteration" value="0" />
                  <property name="repeatIteration" value="0" />
                </properties>
              </test-case>
              <test-case id="1027" name="LocalOnlyConsentChecksRefreshUnresolvedPendingState" fullname="Attriax.Unity.Tests.AttriaxConsentManagerTests.LocalOnlyConsentChecksRefreshUnresolvedPendingState" methodname="LocalOnlyConsentChecksRefreshUnresolvedPendingState" classname="Attriax.Unity.Tests.AttriaxConsentManagerTests" runstate="Runnable" seed="1531536265" result="Passed" start-time="2026-05-27 10:55:52Z" end-time="2026-05-27 10:55:52Z" duration="0.004512" asserts="0">
                <properties>
                  <property name="retryIteration" value="0" />
                  <property name="repeatIteration" value="0" />
                </properties>
              </test-case>
              <test-case id="1026" name="NeedsConsentUsesRemoteCheckWhenGdprIsDisabled" fullname="Attriax.Unity.Tests.AttriaxConsentManagerTests.NeedsConsentUsesRemoteCheckWhenGdprIsDisabled" methodname="NeedsConsentUsesRemoteCheckWhenGdprIsDisabled" classname="Attriax.Unity.Tests.AttriaxConsentManagerTests" runstate="Runnable" seed="1001770154" result="Passed" start-time="2026-05-27 10:55:52Z" end-time="2026-05-27 10:55:52Z" duration="0.002279" asserts="0">
                <properties>
                  <property name="retryIteration" value="0" />
                  <property name="repeatIteration" value="0" />
                </properties>
              </test-case>
              <test-case id="1021" name="PublicConsentFacadeExposesGdprHelpers" fullname="Attriax.Unity.Tests.AttriaxConsentManagerTests.PublicConsentFacadeExposesGdprHelpers" methodname="PublicConsentFacadeExposesGdprHelpers" classname="Attriax.Unity.Tests.AttriaxConsentManagerTests" runstate="Runnable" seed="1686037980" result="Passed" start-time="2026-05-27 10:55:52Z" end-time="2026-05-27 10:55:52Z" duration="0.014700" asserts="0">
                <properties>
                  <property name="retryIteration" value="0" />
                  <property name="repeatIteration" value="0" />
                </properties>
              </test-case>
              <test-case id="1028" name="RemoteConsentChecksRefreshUnresolvedPendingState" fullname="Attriax.Unity.Tests.AttriaxConsentManagerTests.RemoteConsentChecksRefreshUnresolvedPendingState" methodname="RemoteConsentChecksRefreshUnresolvedPendingState" classname="Attriax.Unity.Tests.AttriaxConsentManagerTests" runstate="Runnable" seed="1630803325" result="Passed" start-time="2026-05-27 10:55:52Z" end-time="2026-05-27 10:55:52Z" duration="0.001937" asserts="0">
                <properties>
                  <property name="retryIteration" value="0" />
                  <property name="repeatIteration" value="0" />
                </properties>
              </test-case>
              <test-case id="1030" name="ResetClearsPersistedConsentAndForcesRemoteRecheck" fullname="Attriax.Unity.Tests.AttriaxConsentManagerTests.ResetClearsPersistedConsentAndForcesRemoteRecheck" methodname="ResetClearsPersistedConsentAndForcesRemoteRecheck" classname="Attriax.Unity.Tests.AttriaxConsentManagerTests" runstate="Runnable" seed="1119815607" result="Passed" start-time="2026-05-27 10:55:52Z" end-time="2026-05-27 10:55:52Z" duration="0.002777" asserts="0">
                <properties>
                  <property name="retryIteration" value="0" />
                  <property name="repeatIteration" value="0" />
                </properties>
              </test-case>
              <test-case id="1029" name="SetConsentPersistsAndSyncsGrantedValues" fullname="Attriax.Unity.Tests.AttriaxConsentManagerTests.SetConsentPersistsAndSyncsGrantedValues" methodname="SetConsentPersistsAndSyncsGrantedValues" classname="Attriax.Unity.Tests.AttriaxConsentManagerTests" runstate="Runnable" seed="1380687849" result="Passed" start-time="2026-05-27 10:55:52Z" end-time="2026-05-27 10:55:52Z" duration="0.022842" asserts="0">
                <properties>
                  <property name="retryIteration" value="0" />
                  <property name="repeatIteration" value="0" />
                </properties>
              </test-case>
              <test-case id="1024" name="UnknownConsentAllowsAnonymousCapableSignalsWithoutNetworkDeferral" fullname="Attriax.Unity.Tests.AttriaxConsentManagerTests.UnknownConsentAllowsAnonymousCapableSignalsWithoutNetworkDeferral" methodname="UnknownConsentAllowsAnonymousCapableSignalsWithoutNetworkDeferral" classname="Attriax.Unity.Tests.AttriaxConsentManagerTests" runstate="Runnable" seed="1936945522" result="Passed" start-time="2026-05-27 10:55:52Z" end-time="2026-05-27 10:55:52Z" duration="0.000359" asserts="0">
                <properties>
                  <property name="retryIteration" value="0" />
                  <property name="repeatIteration" value="0" />
                </properties>
              </test-case>
              <test-case id="1025" name="UnknownConsentDefersAnonymousCapableSignalsWhenAnonymousTrackingIsDisabled" fullname="Attriax.Unity.Tests.AttriaxConsentManagerTests.UnknownConsentDefersAnonymousCapableSignalsWhenAnonymousTrackingIsDisabled" methodname="UnknownConsentDefersAnonymousCapableSignalsWhenAnonymousTrackingIsDisabled" classname="Attriax.Unity.Tests.AttriaxConsentManagerTests" runstate="Runnable" seed="933132528" result="Passed" start-time="2026-05-27 10:55:52Z" end-time="2026-05-27 10:55:52Z" duration="0.000302" asserts="0">
                <properties>
                  <property name="retryIteration" value="0" />
                  <property name="repeatIteration" value="0" />
                </properties>
              </test-case>
            </test-suite>
            <test-suite type="TestFixture" id="1042" name="AttriaxGeneratedRequestFactoryTests" fullname="Attriax.Unity.Tests.AttriaxGeneratedRequestFactoryTests" classname="Attriax.Unity.Tests.AttriaxGeneratedRequestFactoryTests" runstate="Runnable" testcasecount="10" result="Passed" start-time="2026-05-27 10:55:52Z" end-time="2026-05-27 10:55:52Z" duration="0.014986" total="10" passed="10" failed="0" inconclusive="0" skipped="0" asserts="0">
              <properties />
              <test-case id="1049" name="BuildOpenRequestAppliesInstallReferrerAndDeviceMetadataOverrides" fullname="Attriax.Unity.Tests.AttriaxGeneratedRequestFactoryTests.BuildOpenRequestAppliesInstallReferrerAndDeviceMetadataOverrides" methodname="BuildOpenRequestAppliesInstallReferrerAndDeviceMetadataOverrides" classname="Attriax.Unity.Tests.AttriaxGeneratedRequestFactoryTests" runstate="Runnable" seed="575786396" result="Passed" start-time="2026-05-27 10:55:52Z" end-time="2026-05-27 10:55:52Z" duration="0.003141" asserts="0">
                <properties>
                  <property name="retryIteration" value="0" />
                  <property name="repeatIteration" value="0" />
                </properties>
              </test-case>
              <test-case id="1048" name="BuildOpenRequestIncludesInstallReferrerContextFields" fullname="Attriax.Unity.Tests.AttriaxGeneratedRequestFactoryTests.BuildOpenRequestIncludesInstallReferrerContextFields" methodname="BuildOpenRequestIncludesInstallReferrerContextFields" classname="Attriax.Unity.Tests.AttriaxGeneratedRequestFactoryTests" runstate="Runnable" seed="2039729595" result="Passed" start-time="2026-05-27 10:55:52Z" end-time="2026-05-27 10:55:52Z" duration="0.001370" asserts="0">
                <properties>
                  <property name="retryIteration" value="0" />
                  <property name="repeatIteration" value="0" />
                </properties>
              </test-case>
              <test-case id="1047" name="BuildOpenRequestIncludesTypedScreenMetrics" fullname="Attriax.Unity.Tests.AttriaxGeneratedRequestFactoryTests.BuildOpenRequestIncludesTypedScreenMetrics" methodname="BuildOpenRequestIncludesTypedScreenMetrics" classname="Attriax.Unity.Tests.AttriaxGeneratedRequestFactoryTests" runstate="Runnable" seed="1867830315" result="Passed" start-time="2026-05-27 10:55:52Z" end-time="2026-05-27 10:55:52Z" duration="0.000687" asserts="0">
                <properties>
                  <property name="retryIteration" value="0" />
                  <property name="repeatIteration" value="0" />
                </properties>
              </test-case>
              <test-case id="1050" name="BuildOpenRequestPreservesUnityEditorPlatform" fullname="Attriax.Unity.Tests.AttriaxGeneratedRequestFactoryTests.BuildOpenRequestPreservesUnityEditorPlatform" methodname="BuildOpenRequestPreservesUnityEditorPlatform" classname="Attriax.Unity.Tests.AttriaxGeneratedRequestFactoryTests" runstate="Runnable" seed="1705125244" result="Passed" start-time="2026-05-27 10:55:52Z" end-time="2026-05-27 10:55:52Z" duration="0.000276" asserts="0">
                <properties>
                  <property name="retryIteration" value="0" />
                  <property name="repeatIteration" value="0" />
                </properties>
              </test-case>
              <test-case id="1045" name="BuildRegisterUninstallTokenRequestReturnsGeneratedDtoWithEnumProvider" fullname="Attriax.Unity.Tests.AttriaxGeneratedRequestFactoryTests.BuildRegisterUninstallTokenRequestReturnsGeneratedDtoWithEnumProvider" methodname="BuildRegisterUninstallTokenRequestReturnsGeneratedDtoWithEnumProvider" classname="Attriax.Unity.Tests.AttriaxGeneratedRequestFactoryTests" runstate="Runnable" seed="878581619" result="Passed" start-time="2026-05-27 10:55:52Z" end-time="2026-05-27 10:55:52Z" duration="0.001384" asserts="0">
                <properties>
                  <property name="retryIteration" value="0" />
                  <property name="repeatIteration" value="0" />
                </properties>
              </test-case>
              <test-case id="1046" name="BuildRegisterUninstallTokenRequestSupportsApnsProvider" fullname="Attriax.Unity.Tests.AttriaxGeneratedRequestFactoryTests.BuildRegisterUninstallTokenRequestSupportsApnsProvider" methodname="BuildRegisterUninstallTokenRequestSupportsApnsProvider" classname="Attriax.Unity.Tests.AttriaxGeneratedRequestFactoryTests" runstate="Runnable" seed="350418695" result="Passed" start-time="2026-05-27 10:55:52Z" end-time="2026-05-27 10:55:52Z" duration="0.000125" asserts="0">
                <properties>
                  <property name="retryIteration" value="0" />
                  <property name="repeatIteration" value="0" />
                </properties>
              </test-case>
              <test-case id="1052" name="BuildTrackSessionRequestRoundsSessionRelativeTimeDownToWholeMilliseconds" fullname="Attriax.Unity.Tests.AttriaxGeneratedRequestFactoryTests.BuildTrackSessionRequestRoundsSessionRelativeTimeDownToWholeMilliseconds" methodname="BuildTrackSessionRequestRoundsSessionRelativeTimeDownToWholeMilliseconds" classname="Attriax.Unity.Tests.AttriaxGeneratedRequestFactoryTests" runstate="Runnable" seed="1819920054" result="Passed" start-time="2026-05-27 10:55:52Z" end-time="2026-05-27 10:55:52Z" duration="0.001255" asserts="0">
                <properties>
                  <property name="retryIteration" value="0" />
                  <property name="repeatIteration" value="0" />
                </properties>
              </test-case>
              <test-case id="1051" name="BuildUnityEditorValidateRequestUsesEditorMetadata" fullname="Attriax.Unity.Tests.AttriaxGeneratedRequestFactoryTests.BuildUnityEditorValidateRequestUsesEditorMetadata" methodname="BuildUnityEditorValidateRequestUsesEditorMetadata" classname="Attriax.Unity.Tests.AttriaxGeneratedRequestFactoryTests" runstate="Runnable" seed="1354821937" result="Passed" start-time="2026-05-27 10:55:52Z" end-time="2026-05-27 10:55:52Z" duration="0.000399" asserts="0">
                <properties>
                  <property name="retryIteration" value="0" />
                  <property name="repeatIteration" value="0" />
                </properties>
              </test-case>
              <test-case id="1044" name="BuildValidateReceiptRequestAllowsMissingDeviceIdentity" fullname="Attriax.Unity.Tests.AttriaxGeneratedRequestFactoryTests.BuildValidateReceiptRequestAllowsMissingDeviceIdentity" methodname="BuildValidateReceiptRequestAllowsMissingDeviceIdentity" classname="Attriax.Unity.Tests.AttriaxGeneratedRequestFactoryTests" runstate="Runnable" seed="1305699496" result="Passed" start-time="2026-05-27 10:55:52Z" end-time="2026-05-27 10:55:52Z" duration="0.000941" asserts="0">
                <properties>
                  <property name="retryIteration" value="0" />
                  <property name="repeatIteration" value="0" />
                </properties>
              </test-case>
              <test-case id="1043" name="BuildValidateReceiptRequestReturnsGeneratedDtoWithNormalizedFields" fullname="Attriax.Unity.Tests.AttriaxGeneratedRequestFactoryTests.BuildValidateReceiptRequestReturnsGeneratedDtoWithNormalizedFields" methodname="BuildValidateReceiptRequestReturnsGeneratedDtoWithNormalizedFields" classname="Attriax.Unity.Tests.AttriaxGeneratedRequestFactoryTests" runstate="Runnable" seed="1661344699" result="Passed" start-time="2026-05-27 10:55:52Z" end-time="2026-05-27 10:55:52Z" duration="0.000377" asserts="0">
                <properties>
                  <property name="retryIteration" value="0" />
                  <property name="repeatIteration" value="0" />
                </properties>
              </test-case>
            </test-suite>
            <test-suite type="TestFixture" id="1060" name="AttriaxPublicApiSurfaceTests" fullname="Attriax.Unity.Tests.AttriaxPublicApiSurfaceTests" classname="Attriax.Unity.Tests.AttriaxPublicApiSurfaceTests" runstate="Runnable" testcasecount="3" result="Passed" start-time="2026-05-27 10:55:52Z" end-time="2026-05-27 10:55:52Z" duration="0.002376" total="3" passed="3" failed="0" inconclusive="0" skipped="0" asserts="0">
              <properties />
              <test-case id="1063" name="DeepLinksAndConsentFacadesOwnEntrySpecificHelpers" fullname="Attriax.Unity.Tests.AttriaxPublicApiSurfaceTests.DeepLinksAndConsentFacadesOwnEntrySpecificHelpers" methodname="DeepLinksAndConsentFacadesOwnEntrySpecificHelpers" classname="Attriax.Unity.Tests.AttriaxPublicApiSurfaceTests" runstate="Runnable" seed="1936786426" result="Passed" start-time="2026-05-27 10:55:52Z" end-time="2026-05-27 10:55:52Z" duration="0.000322" asserts="0">
                <properties>
                  <property name="retryIteration" value="0" />
                  <property name="repeatIteration" value="0" />
                </properties>
              </test-case>
              <test-case id="1061" name="RootApiExposesGroupedFacadesInsteadOfLegacyTrackingMembers" fullname="Attriax.Unity.Tests.AttriaxPublicApiSurfaceTests.RootApiExposesGroupedFacadesInsteadOfLegacyTrackingMembers" methodname="RootApiExposesGroupedFacadesInsteadOfLegacyTrackingMembers" classname="Attriax.Unity.Tests.AttriaxPublicApiSurfaceTests" runstate="Runnable" seed="1131797660" result="Passed" start-time="2026-05-27 10:55:52Z" end-time="2026-05-27 10:55:52Z" duration="0.000190" asserts="0">
                <properties>
                  <property name="retryIteration" value="0" />
                  <property name="repeatIteration" value="0" />
                </properties>
              </test-case>
              <test-case id="1062" name="TrackingFacadeOwnsTrackingAndIdentityMembers" fullname="Attriax.Unity.Tests.AttriaxPublicApiSurfaceTests.TrackingFacadeOwnsTrackingAndIdentityMembers" methodname="TrackingFacadeOwnsTrackingAndIdentityMembers" classname="Attriax.Unity.Tests.AttriaxPublicApiSurfaceTests" runstate="Runnable" seed="1715389556" result="Passed" start-time="2026-05-27 10:55:52Z" end-time="2026-05-27 10:55:52Z" duration="0.000218" asserts="0">
                <properties>
                  <property name="retryIteration" value="0" />
                  <property name="repeatIteration" value="0" />
                </properties>
              </test-case>
            </test-suite>
            <test-suite type="TestFixture" id="1080" name="AttriaxRuntimeBootstrapCoordinatorTests" fullname="Attriax.Unity.Tests.AttriaxRuntimeBootstrapCoordinatorTests" classname="Attriax.Unity.Tests.AttriaxRuntimeBootstrapCoordinatorTests" runstate="Runnable" testcasecount="4" result="Passed" start-time="2026-05-27 10:55:52Z" end-time="2026-05-27 10:55:52Z" duration="0.082434" total="4" passed="4" failed="0" inconclusive="0" skipped="0" asserts="0">
              <properties />
              <test-case id="1082" name="InitializeAsyncHonorsEventsEnabledOverrideDuringBootstrap" fullname="Attriax.Unity.Tests.AttriaxRuntimeBootstrapCoordinatorTests.InitializeAsyncHonorsEventsEnabledOverrideDuringBootstrap" methodname="InitializeAsyncHonorsEventsEnabledOverrideDuringBootstrap" classname="Attriax.Unity.Tests.AttriaxRuntimeBootstrapCoordinatorTests" runstate="Runnable" seed="309493099" result="Passed" start-time="2026-05-27 10:55:52Z" end-time="2026-05-27 10:55:52Z" duration="0.063592" asserts="0">
                <properties>
                  <property name="retryIteration" value="0" />
                  <property name="repeatIteration" value="0" />
                </properties>
              </test-case>
              <test-case id="1081" name="InitializeAsyncWithDisabledOptionCompletesBootstrapInDisabledState" fullname="Attriax.Unity.Tests.AttriaxRuntimeBootstrapCoordinatorTests.InitializeAsyncWithDisabledOptionCompletesBootstrapInDisabledState" methodname="InitializeAsyncWithDisabledOptionCompletesBootstrapInDisabledState" classname="Attriax.Unity.Tests.AttriaxRuntimeBootstrapCoordinatorTests" runstate="Runnable" seed="845014417" result="Passed" start-time="2026-05-27 10:55:52Z" end-time="2026-05-27 10:55:52Z" duration="0.002416" asserts="0">
                <properties>
                  <property name="retryIteration" value="0" />
                  <property name="repeatIteration" value="0" />
                </properties>
              </test-case>
              <test-case id="1083" name="InitializeAsyncWithoutInitialUrlCaptureMarksInitialDeepLinkUnavailable" fullname="Attriax.Unity.Tests.AttriaxRuntimeBootstrapCoordinatorTests.InitializeAsyncWithoutInitialUrlCaptureMarksInitialDeepLinkUnavailable" methodname="InitializeAsyncWithoutInitialUrlCaptureMarksInitialDeepLinkUnavailable" classname="Attriax.Unity.Tests.AttriaxRuntimeBootstrapCoordinatorTests" runstate="Runnable" seed="1545463978" result="Passed" start-time="2026-05-27 10:55:52Z" end-time="2026-05-27 10:55:52Z" duration="0.003448" asserts="0">
                <properties>
                  <property name="retryIteration" value="0" />
                  <property name="repeatIteration" value="0" />
                </properties>
              </test-case>
              <test-case id="1084" name="PendingConsentBootstrapKeepsFirstLaunchMarkerAcrossRestartsWithoutDeviceIdentity" fullname="Attriax.Unity.Tests.AttriaxRuntimeBootstrapCoordinatorTests.PendingConsentBootstrapKeepsFirstLaunchMarkerAcrossRestartsWithoutDeviceIdentity" methodname="PendingConsentBootstrapKeepsFirstLaunchMarkerAcrossRestartsWithoutDeviceIdentity" classname="Attriax.Unity.Tests.AttriaxRuntimeBootstrapCoordinatorTests" runstate="Runnable" seed="419945621" result="Passed" start-time="2026-05-27 10:55:52Z" end-time="2026-05-27 10:55:52Z" duration="0.011584" asserts="0">
                <properties>
                  <property name="retryIteration" value="0" />
                  <property name="repeatIteration" value="0" />
                </properties>
                <output><![CDATA[[Attriax][WARNING] Resetting Attriax SDK state. Call InitializeAsync() again before reusing this instance.
Saving results to: c:\Users\timon\Projects\attriax\sdk-unity\dist\unity-editmode-filtered-results.xml
]]></output>
              </test-case>
            </test-suite>
          </test-suite>
        </test-suite>
      </test-suite>
    </test-suite>
  </test-suite>
</test-run>