<?xml version="1.0" encoding="utf-8"?>
<test-run id="2" testcasecount="57" result="Passed" total="57" passed="57" failed="0" inconclusive="0" skipped="0" asserts="0" engine-version="3.5.0.0" clr-version="4.0.30319.42000" start-time="2026-05-20 11:08:05Z" end-time="2026-05-20 11:08:05Z" duration="0.5684327">
  <test-suite type="TestSuite" id="1000" name="sdk-unity" fullname="sdk-unity" runstate="Runnable" testcasecount="57" result="Passed" start-time="2026-05-20 11:08:05Z" end-time="2026-05-20 11:08:05Z" duration="0.568433" total="57" passed="57" failed="0" inconclusive="0" skipped="0" asserts="0">
    <properties>
      <property name="platform" value="EditMode" />
    </properties>
    <test-suite type="Assembly" id="1071" name="Attriax.EditorTests.dll" fullname="C:/Users/timon/Projects/attriax/sdk-unity/Library/ScriptAssemblies/Attriax.EditorTests.dll" runstate="Runnable" testcasecount="57" result="Passed" start-time="2026-05-20 11:08:05Z" end-time="2026-05-20 11:08:05Z" duration="0.563351" total="57" passed="57" failed="0" inconclusive="0" skipped="0" asserts="0">
      <properties>
        <property name="_PID" value="59420" />
        <property name="_APPDOMAIN" value="Unity Child Domain" />
        <property name="platform" value="EditMode" />
        <property name="EditorOnly" value="True" />
      </properties>
      <test-suite type="TestSuite" id="1072" name="Attriax" fullname="Attriax" runstate="Runnable" testcasecount="57" result="Passed" start-time="2026-05-20 11:08:05Z" end-time="2026-05-20 11:08:05Z" duration="0.562834" total="57" passed="57" failed="0" inconclusive="0" skipped="0" asserts="0">
        <properties />
        <test-suite type="TestSuite" id="1073" name="Unity" fullname="Attriax.Unity" runstate="Runnable" testcasecount="57" result="Passed" start-time="2026-05-20 11:08:05Z" end-time="2026-05-20 11:08:05Z" duration="0.562601" total="57" passed="57" failed="0" inconclusive="0" skipped="0" asserts="0">
          <properties />
          <test-suite type="TestSuite" id="1074" name="Tests" fullname="Attriax.Unity.Tests" runstate="Runnable" testcasecount="57" result="Passed" start-time="2026-05-20 11:08:05Z" end-time="2026-05-20 11:08:05Z" duration="0.562273" total="57" passed="57" failed="0" inconclusive="0" skipped="0" asserts="0">
            <properties />
            <test-suite type="TestFixture" id="1001" name="AttriaxAppOpenManagerTests" fullname="Attriax.Unity.Tests.AttriaxAppOpenManagerTests" classname="Attriax.Unity.Tests.AttriaxAppOpenManagerTests" runstate="Runnable" testcasecount="1" result="Passed" start-time="2026-05-20 11:08:05Z" end-time="2026-05-20 11:08:05Z" duration="0.013360" total="1" passed="1" failed="0" inconclusive="0" skipped="0" asserts="0">
              <properties />
              <test-case id="1002" name="TracksSuccessfulResultsOnlyAfterAppOpenCompletes" fullname="Attriax.Unity.Tests.AttriaxAppOpenManagerTests.TracksSuccessfulResultsOnlyAfterAppOpenCompletes" methodname="TracksSuccessfulResultsOnlyAfterAppOpenCompletes" classname="Attriax.Unity.Tests.AttriaxAppOpenManagerTests" runstate="Runnable" seed="156160892" result="Passed" start-time="2026-05-20 11:08:05Z" end-time="2026-05-20 11:08:05Z" duration="0.006174" asserts="0">
                <properties>
                  <property name="retryIteration" value="0" />
                  <property name="repeatIteration" value="0" />
                </properties>
              </test-case>
            </test-suite>
            <test-suite type="TestFixture" id="1003" name="AttriaxConfigTests" fullname="Attriax.Unity.Tests.AttriaxConfigTests" classname="Attriax.Unity.Tests.AttriaxConfigTests" runstate="Runnable" testcasecount="7" result="Passed" start-time="2026-05-20 11:08:05Z" end-time="2026-05-20 11:08:05Z" duration="0.020025" total="7" passed="7" failed="0" inconclusive="0" skipped="0" asserts="0">
              <properties />
              <test-case id="1009" name="ConstructorAllowsDisablingAutomaticCrashReporting" fullname="Attriax.Unity.Tests.AttriaxConfigTests.ConstructorAllowsDisablingAutomaticCrashReporting" methodname="ConstructorAllowsDisablingAutomaticCrashReporting" classname="Attriax.Unity.Tests.AttriaxConfigTests" runstate="Runnable" seed="1210413471" result="Passed" start-time="2026-05-20 11:08:05Z" end-time="2026-05-20 11:08:05Z" duration="0.011648" asserts="0">
                <properties>
                  <property name="retryIteration" value="0" />
                  <property name="repeatIteration" value="0" />
                </properties>
              </test-case>
              <test-case id="1006" name="ConstructorAllowsIpv6LoopbackHttpForDevelopment" fullname="Attriax.Unity.Tests.AttriaxConfigTests.ConstructorAllowsIpv6LoopbackHttpForDevelopment" methodname="ConstructorAllowsIpv6LoopbackHttpForDevelopment" classname="Attriax.Unity.Tests.AttriaxConfigTests" runstate="Runnable" seed="1338098590" result="Passed" start-time="2026-05-20 11:08:05Z" end-time="2026-05-20 11:08:05Z" duration="0.003032" asserts="0">
                <properties>
                  <property name="retryIteration" value="0" />
                  <property name="repeatIteration" value="0" />
                </properties>
              </test-case>
              <test-case id="1005" name="ConstructorAllowsLocalhostHttpForDevelopment" fullname="Attriax.Unity.Tests.AttriaxConfigTests.ConstructorAllowsLocalhostHttpForDevelopment" methodname="ConstructorAllowsLocalhostHttpForDevelopment" classname="Attriax.Unity.Tests.AttriaxConfigTests" runstate="Runnable" seed="1924498595" result="Passed" start-time="2026-05-20 11:08:05Z" end-time="2026-05-20 11:08:05Z" duration="0.000498" asserts="0">
                <properties>
                  <property name="retryIteration" value="0" />
                  <property name="repeatIteration" value="0" />
                </properties>
              </test-case>
              <test-case id="1008" name="ConstructorEnablesAutomaticBrowserHandlingByDefault" fullname="Attriax.Unity.Tests.AttriaxConfigTests.ConstructorEnablesAutomaticBrowserHandlingByDefault" methodname="ConstructorEnablesAutomaticBrowserHandlingByDefault" classname="Attriax.Unity.Tests.AttriaxConfigTests" runstate="Runnable" seed="47724179" result="Passed" start-time="2026-05-20 11:08:05Z" end-time="2026-05-20 11:08:05Z" duration="0.001151" asserts="0">
                <properties>
                  <property name="retryIteration" value="0" />
                  <property name="repeatIteration" value="0" />
                </properties>
              </test-case>
              <test-case id="1007" name="ConstructorRejectsInsecureRemoteApiBaseUrl" fullname="Attriax.Unity.Tests.AttriaxConfigTests.ConstructorRejectsInsecureRemoteApiBaseUrl" methodname="ConstructorRejectsInsecureRemoteApiBaseUrl" classname="Attriax.Unity.Tests.AttriaxConfigTests" runstate="Runnable" seed="115303588" result="Passed" start-time="2026-05-20 11:08:05Z" end-time="2026-05-20 11:08:05Z" duration="0.001376" asserts="0">
                <properties>
                  <property name="retryIteration" value="0" />
                  <property name="repeatIteration" value="0" />
                </properties>
              </test-case>
              <test-case id="1004" name="ConstructorRejectsMissingAppToken" fullname="Attriax.Unity.Tests.AttriaxConfigTests.ConstructorRejectsMissingAppToken" methodname="ConstructorRejectsMissingAppToken" classname="Attriax.Unity.Tests.AttriaxConfigTests" runstate="Runnable" seed="1877220655" result="Passed" start-time="2026-05-20 11:08:05Z" end-time="2026-05-20 11:08:05Z" duration="0.000155" asserts="0">
                <properties>
                  <property name="retryIteration" value="0" />
                  <property name="repeatIteration" value="0" />
                </properties>
              </test-case>
              <test-case id="1010" name="ConstructorUsesForegroundHeartbeatAndQueueDefaults" fullname="Attriax.Unity.Tests.AttriaxConfigTests.ConstructorUsesForegroundHeartbeatAndQueueDefaults" methodname="ConstructorUsesForegroundHeartbeatAndQueueDefaults" classname="Attriax.Unity.Tests.AttriaxConfigTests" runstate="Runnable" seed="1037735623" result="Passed" start-time="2026-05-20 11:08:05Z" end-time="2026-05-20 11:08:05Z" duration="0.000397" asserts="0">
                <properties>
                  <property name="retryIteration" value="0" />
                  <property name="repeatIteration" value="0" />
                </properties>
              </test-case>
            </test-suite>
            <test-suite type="TestFixture" id="1011" name="AttriaxConsentManagerTests" fullname="Attriax.Unity.Tests.AttriaxConsentManagerTests" classname="Attriax.Unity.Tests.AttriaxConsentManagerTests" runstate="Runnable" testcasecount="5" result="Passed" start-time="2026-05-20 11:08:05Z" end-time="2026-05-20 11:08:05Z" duration="0.079581" total="5" passed="5" failed="0" inconclusive="0" skipped="0" asserts="0">
              <properties />
              <test-case id="1014" name="InitAutoDetectsPendingFromWindowsTimezoneWithoutNetwork" fullname="Attriax.Unity.Tests.AttriaxConsentManagerTests.InitAutoDetectsPendingFromWindowsTimezoneWithoutNetwork" methodname="InitAutoDetectsPendingFromWindowsTimezoneWithoutNetwork" classname="Attriax.Unity.Tests.AttriaxConsentManagerTests" runstate="Runnable" seed="1090697026" result="Passed" start-time="2026-05-20 11:08:05Z" end-time="2026-05-20 11:08:05Z" duration="0.053675" asserts="0">
                <properties>
                  <property name="retryIteration" value="0" />
                  <property name="repeatIteration" value="0" />
                </properties>
              </test-case>
              <test-case id="1013" name="InitAutoDetectsPendingWithoutNetwork" fullname="Attriax.Unity.Tests.AttriaxConsentManagerTests.InitAutoDetectsPendingWithoutNetwork" methodname="InitAutoDetectsPendingWithoutNetwork" classname="Attriax.Unity.Tests.AttriaxConsentManagerTests" runstate="Runnable" seed="926932020" result="Passed" start-time="2026-05-20 11:08:05Z" end-time="2026-05-20 11:08:05Z" duration="0.000497" asserts="0">
                <properties>
                  <property name="retryIteration" value="0" />
                  <property name="repeatIteration" value="0" />
                </properties>
              </test-case>
              <test-case id="1015" name="NeedsConsentUsesRemoteCheckWhenGdprIsDisabled" fullname="Attriax.Unity.Tests.AttriaxConsentManagerTests.NeedsConsentUsesRemoteCheckWhenGdprIsDisabled" methodname="NeedsConsentUsesRemoteCheckWhenGdprIsDisabled" classname="Attriax.Unity.Tests.AttriaxConsentManagerTests" runstate="Runnable" seed="85689292" result="Passed" start-time="2026-05-20 11:08:05Z" end-time="2026-05-20 11:08:05Z" duration="0.005177" asserts="0">
                <properties>
                  <property name="retryIteration" value="0" />
                  <property name="repeatIteration" value="0" />
                </properties>
              </test-case>
              <test-case id="1012" name="PublicConsentFacadeExposesGdprHelpers" fullname="Attriax.Unity.Tests.AttriaxConsentManagerTests.PublicConsentFacadeExposesGdprHelpers" methodname="PublicConsentFacadeExposesGdprHelpers" classname="Attriax.Unity.Tests.AttriaxConsentManagerTests" runstate="Runnable" seed="1343831571" result="Passed" start-time="2026-05-20 11:08:05Z" end-time="2026-05-20 11:08:05Z" duration="0.001456" asserts="0">
                <properties>
                  <property name="retryIteration" value="0" />
                  <property name="repeatIteration" value="0" />
                </properties>
              </test-case>
              <test-case id="1016" name="SetConsentPersistsAndSyncsGrantedValues" fullname="Attriax.Unity.Tests.AttriaxConsentManagerTests.SetConsentPersistsAndSyncsGrantedValues" methodname="SetConsentPersistsAndSyncsGrantedValues" classname="Attriax.Unity.Tests.AttriaxConsentManagerTests" runstate="Runnable" seed="279008953" result="Passed" start-time="2026-05-20 11:08:05Z" end-time="2026-05-20 11:08:05Z" duration="0.016880" asserts="0">
                <properties>
                  <property name="retryIteration" value="0" />
                  <property name="repeatIteration" value="0" />
                </properties>
              </test-case>
            </test-suite>
            <test-suite type="TestFixture" id="1017" name="AttriaxEventHubTests" fullname="Attriax.Unity.Tests.AttriaxEventHubTests" classname="Attriax.Unity.Tests.AttriaxEventHubTests" runstate="Runnable" testcasecount="6" result="Passed" start-time="2026-05-20 11:08:05Z" end-time="2026-05-20 11:08:05Z" duration="0.004344" total="6" passed="6" failed="0" inconclusive="0" skipped="0" asserts="0">
              <properties />
              <test-case id="1023" name="DeepLinkEventMarksAttriaxManagedSubdomains" fullname="Attriax.Unity.Tests.AttriaxEventHubTests.DeepLinkEventMarksAttriaxManagedSubdomains" methodname="DeepLinkEventMarksAttriaxManagedSubdomains" classname="Attriax.Unity.Tests.AttriaxEventHubTests" runstate="Runnable" seed="1434456315" result="Passed" start-time="2026-05-20 11:08:05Z" end-time="2026-05-20 11:08:05Z" duration="0.000345" asserts="0">
                <properties>
                  <property name="retryIteration" value="0" />
                  <property name="repeatIteration" value="0" />
                </properties>
              </test-case>
              <test-case id="1022" name="DeepLinkSubscribersReceiveEmittedEvents" fullname="Attriax.Unity.Tests.AttriaxEventHubTests.DeepLinkSubscribersReceiveEmittedEvents" methodname="DeepLinkSubscribersReceiveEmittedEvents" classname="Attriax.Unity.Tests.AttriaxEventHubTests" runstate="Runnable" seed="2014593899" result="Passed" start-time="2026-05-20 11:08:05Z" end-time="2026-05-20 11:08:05Z" duration="0.000842" asserts="0">
                <properties>
                  <property name="retryIteration" value="0" />
                  <property name="repeatIteration" value="0" />
                </properties>
              </test-case>
              <test-case id="1019" name="DisposedSynchronizationSubscriptionStopsFutureNotifications" fullname="Attriax.Unity.Tests.AttriaxEventHubTests.DisposedSynchronizationSubscriptionStopsFutureNotifications" methodname="DisposedSynchronizationSubscriptionStopsFutureNotifications" classname="Attriax.Unity.Tests.AttriaxEventHubTests" runstate="Runnable" seed="1203450463" result="Passed" start-time="2026-05-20 11:08:05Z" end-time="2026-05-20 11:08:05Z" duration="0.000955" asserts="0">
                <properties>
                  <property name="retryIteration" value="0" />
                  <property name="repeatIteration" value="0" />
                </properties>
              </test-case>
              <test-case id="1021" name="RawDeepLinkSubscribersReceiveEmittedEvents" fullname="Attriax.Unity.Tests.AttriaxEventHubTests.RawDeepLinkSubscribersReceiveEmittedEvents" methodname="RawDeepLinkSubscribersReceiveEmittedEvents" classname="Attriax.Unity.Tests.AttriaxEventHubTests" runstate="Runnable" seed="1756624193" result="Passed" start-time="2026-05-20 11:08:05Z" end-time="2026-05-20 11:08:05Z" duration="0.000459" asserts="0">
                <properties>
                  <property name="retryIteration" value="0" />
                  <property name="repeatIteration" value="0" />
                </properties>
              </test-case>
              <test-case id="1020" name="ResetRestoresTheInitializingSynchronizationState" fullname="Attriax.Unity.Tests.AttriaxEventHubTests.ResetRestoresTheInitializingSynchronizationState" methodname="ResetRestoresTheInitializingSynchronizationState" classname="Attriax.Unity.Tests.AttriaxEventHubTests" runstate="Runnable" seed="1539097890" result="Passed" start-time="2026-05-20 11:08:05Z" end-time="2026-05-20 11:08:05Z" duration="0.000193" asserts="0">
                <properties>
                  <property name="retryIteration" value="0" />
                  <property name="repeatIteration" value="0" />
                </properties>
              </test-case>
              <test-case id="1018" name="SynchronizationSubscribersReceiveStateChangesInOrder" fullname="Attriax.Unity.Tests.AttriaxEventHubTests.SynchronizationSubscribersReceiveStateChangesInOrder" methodname="SynchronizationSubscribersReceiveStateChangesInOrder" classname="Attriax.Unity.Tests.AttriaxEventHubTests" runstate="Runnable" seed="1721990317" result="Passed" start-time="2026-05-20 11:08:05Z" end-time="2026-05-20 11:08:05Z" duration="0.000156" asserts="0">
                <properties>
                  <property name="retryIteration" value="0" />
                  <property name="repeatIteration" value="0" />
                </properties>
              </test-case>
            </test-suite>
            <test-suite type="TestFixture" id="1024" name="AttriaxGeneratedGatewayTests" fullname="Attriax.Unity.Tests.AttriaxGeneratedGatewayTests" classname="Attriax.Unity.Tests.AttriaxGeneratedGatewayTests" runstate="Runnable" testcasecount="2" result="Passed" start-time="2026-05-20 11:08:05Z" end-time="2026-05-20 11:08:05Z" duration="0.035924" total="2" passed="2" failed="0" inconclusive="0" skipped="0" asserts="0">
              <properties />
              <test-case id="1026" name="FitsBatchAllowsNinetyNineEventsPlusKeepAlive" fullname="Attriax.Unity.Tests.AttriaxGeneratedGatewayTests.FitsBatchAllowsNinetyNineEventsPlusKeepAlive" methodname="FitsBatchAllowsNinetyNineEventsPlusKeepAlive" classname="Attriax.Unity.Tests.AttriaxGeneratedGatewayTests" runstate="Runnable" seed="587557084" result="Passed" start-time="2026-05-20 11:08:05Z" end-time="2026-05-20 11:08:05Z" duration="0.031221" asserts="0">
                <properties>
                  <property name="retryIteration" value="0" />
                  <property name="repeatIteration" value="0" />
                </properties>
              </test-case>
              <test-case id="1025" name="FitsBatchRejectsOneHundredEventsPlusKeepAlive" fullname="Attriax.Unity.Tests.AttriaxGeneratedGatewayTests.FitsBatchRejectsOneHundredEventsPlusKeepAlive" methodname="FitsBatchRejectsOneHundredEventsPlusKeepAlive" classname="Attriax.Unity.Tests.AttriaxGeneratedGatewayTests" runstate="Runnable" seed="1482460783" result="Passed" start-time="2026-05-20 11:08:05Z" end-time="2026-05-20 11:08:05Z" duration="0.003787" asserts="0">
                <properties>
                  <property name="retryIteration" value="0" />
                  <property name="repeatIteration" value="0" />
                </properties>
              </test-case>
            </test-suite>
            <test-suite type="TestFixture" id="1027" name="AttriaxGeneratedRequestFactoryTests" fullname="Attriax.Unity.Tests.AttriaxGeneratedRequestFactoryTests" classname="Attriax.Unity.Tests.AttriaxGeneratedRequestFactoryTests" runstate="Runnable" testcasecount="5" result="Passed" start-time="2026-05-20 11:08:05Z" end-time="2026-05-20 11:08:05Z" duration="0.008079" total="5" passed="5" failed="0" inconclusive="0" skipped="0" asserts="0">
              <properties />
              <test-case id="1032" name="BuildOpenRequestIncludesInstallReferrerContextFields" fullname="Attriax.Unity.Tests.AttriaxGeneratedRequestFactoryTests.BuildOpenRequestIncludesInstallReferrerContextFields" methodname="BuildOpenRequestIncludesInstallReferrerContextFields" classname="Attriax.Unity.Tests.AttriaxGeneratedRequestFactoryTests" runstate="Runnable" seed="1180685528" result="Passed" start-time="2026-05-20 11:08:05Z" end-time="2026-05-20 11:08:05Z" duration="0.002669" asserts="0">
                <properties>
                  <property name="retryIteration" value="0" />
                  <property name="repeatIteration" value="0" />
                </properties>
              </test-case>
              <test-case id="1031" name="BuildOpenRequestIncludesTypedScreenMetrics" fullname="Attriax.Unity.Tests.AttriaxGeneratedRequestFactoryTests.BuildOpenRequestIncludesTypedScreenMetrics" methodname="BuildOpenRequestIncludesTypedScreenMetrics" classname="Attriax.Unity.Tests.AttriaxGeneratedRequestFactoryTests" runstate="Runnable" seed="1746881865" result="Passed" start-time="2026-05-20 11:08:05Z" end-time="2026-05-20 11:08:05Z" duration="0.000758" asserts="0">
                <properties>
                  <property name="retryIteration" value="0" />
                  <property name="repeatIteration" value="0" />
                </properties>
              </test-case>
              <test-case id="1029" name="BuildRegisterUninstallTokenRequestReturnsGeneratedDtoWithEnumProvider" fullname="Attriax.Unity.Tests.AttriaxGeneratedRequestFactoryTests.BuildRegisterUninstallTokenRequestReturnsGeneratedDtoWithEnumProvider" methodname="BuildRegisterUninstallTokenRequestReturnsGeneratedDtoWithEnumProvider" classname="Attriax.Unity.Tests.AttriaxGeneratedRequestFactoryTests" runstate="Runnable" seed="487307286" result="Passed" start-time="2026-05-20 11:08:05Z" end-time="2026-05-20 11:08:05Z" duration="0.001446" asserts="0">
                <properties>
                  <property name="retryIteration" value="0" />
                  <property name="repeatIteration" value="0" />
                </properties>
              </test-case>
              <test-case id="1030" name="BuildRegisterUninstallTokenRequestSupportsApnsProvider" fullname="Attriax.Unity.Tests.AttriaxGeneratedRequestFactoryTests.BuildRegisterUninstallTokenRequestSupportsApnsProvider" methodname="BuildRegisterUninstallTokenRequestSupportsApnsProvider" classname="Attriax.Unity.Tests.AttriaxGeneratedRequestFactoryTests" runstate="Runnable" seed="1193257688" result="Passed" start-time="2026-05-20 11:08:05Z" end-time="2026-05-20 11:08:05Z" duration="0.000150" asserts="0">
                <properties>
                  <property name="retryIteration" value="0" />
                  <property name="repeatIteration" value="0" />
                </properties>
              </test-case>
              <test-case id="1028" name="BuildValidateReceiptRequestReturnsGeneratedDtoWithNormalizedFields" fullname="Attriax.Unity.Tests.AttriaxGeneratedRequestFactoryTests.BuildValidateReceiptRequestReturnsGeneratedDtoWithNormalizedFields" methodname="BuildValidateReceiptRequestReturnsGeneratedDtoWithNormalizedFields" classname="Attriax.Unity.Tests.AttriaxGeneratedRequestFactoryTests" runstate="Runnable" seed="1408549285" result="Passed" start-time="2026-05-20 11:08:05Z" end-time="2026-05-20 11:08:05Z" duration="0.001448" asserts="0">
                <properties>
                  <property name="retryIteration" value="0" />
                  <property name="repeatIteration" value="0" />
                </properties>
              </test-case>
            </test-suite>
            <test-suite type="TestFixture" id="1033" name="AttriaxInitialDeepLinkStateTests" fullname="Attriax.Unity.Tests.AttriaxInitialDeepLinkStateTests" classname="Attriax.Unity.Tests.AttriaxInitialDeepLinkStateTests" runstate="Runnable" testcasecount="1" result="Passed" start-time="2026-05-20 11:08:05Z" end-time="2026-05-20 11:08:05Z" duration="0.002739" total="1" passed="1" failed="0" inconclusive="0" skipped="0" asserts="0">
              <properties />
              <test-case id="1034" name="WaitForInitialDeepLinkStartsPendingBeforeInitialization" fullname="Attriax.Unity.Tests.AttriaxInitialDeepLinkStateTests.WaitForInitialDeepLinkStartsPendingBeforeInitialization" methodname="WaitForInitialDeepLinkStartsPendingBeforeInitialization" classname="Attriax.Unity.Tests.AttriaxInitialDeepLinkStateTests" runstate="Runnable" seed="1296485424" result="Passed" start-time="2026-05-20 11:08:05Z" end-time="2026-05-20 11:08:05Z" duration="0.001837" asserts="0">
                <properties>
                  <property name="retryIteration" value="0" />
                  <property name="repeatIteration" value="0" />
                </properties>
              </test-case>
            </test-suite>
            <test-suite type="TestFixture" id="1035" name="AttriaxInstallReferrerStateTests" fullname="Attriax.Unity.Tests.AttriaxInstallReferrerStateTests" classname="Attriax.Unity.Tests.AttriaxInstallReferrerStateTests" runstate="Runnable" testcasecount="4" result="Passed" start-time="2026-05-20 11:08:05Z" end-time="2026-05-20 11:08:05Z" duration="0.010264" total="4" passed="4" failed="0" inconclusive="0" skipped="0" asserts="0">
              <properties />
              <test-case id="1037" name="PrepareForEnabledStateCompletesWithCachedDetails" fullname="Attriax.Unity.Tests.AttriaxInstallReferrerStateTests.PrepareForEnabledStateCompletesWithCachedDetails" methodname="PrepareForEnabledStateCompletesWithCachedDetails" classname="Attriax.Unity.Tests.AttriaxInstallReferrerStateTests" runstate="Runnable" seed="642886790" result="Passed" start-time="2026-05-20 11:08:05Z" end-time="2026-05-20 11:08:05Z" duration="0.001385" asserts="0">
                <properties>
                  <property name="retryIteration" value="0" />
                  <property name="repeatIteration" value="0" />
                </properties>
              </test-case>
              <test-case id="1038" name="PrepareForEnabledStateReopensAfterDisabledCompletion" fullname="Attriax.Unity.Tests.AttriaxInstallReferrerStateTests.PrepareForEnabledStateReopensAfterDisabledCompletion" methodname="PrepareForEnabledStateReopensAfterDisabledCompletion" classname="Attriax.Unity.Tests.AttriaxInstallReferrerStateTests" runstate="Runnable" seed="1565788219" result="Passed" start-time="2026-05-20 11:08:05Z" end-time="2026-05-20 11:08:05Z" duration="0.001003" asserts="0">
                <properties>
                  <property name="retryIteration" value="0" />
                  <property name="repeatIteration" value="0" />
                </properties>
              </test-case>
              <test-case id="1039" name="ResetRestoresThePreInitializationContract" fullname="Attriax.Unity.Tests.AttriaxInstallReferrerStateTests.ResetRestoresThePreInitializationContract" methodname="ResetRestoresThePreInitializationContract" classname="Attriax.Unity.Tests.AttriaxInstallReferrerStateTests" runstate="Runnable" seed="994160310" result="Passed" start-time="2026-05-20 11:08:05Z" end-time="2026-05-20 11:08:05Z" duration="0.004604" asserts="0">
                <properties>
                  <property name="retryIteration" value="0" />
                  <property name="repeatIteration" value="0" />
                </properties>
              </test-case>
              <test-case id="1036" name="TaskThrowsBeforeInitialization" fullname="Attriax.Unity.Tests.AttriaxInstallReferrerStateTests.TaskThrowsBeforeInitialization" methodname="TaskThrowsBeforeInitialization" classname="Attriax.Unity.Tests.AttriaxInstallReferrerStateTests" runstate="Runnable" seed="460963758" result="Passed" start-time="2026-05-20 11:08:05Z" end-time="2026-05-20 11:08:05Z" duration="0.000524" asserts="0">
                <properties>
                  <property name="retryIteration" value="0" />
                  <property name="repeatIteration" value="0" />
                </properties>
              </test-case>
            </test-suite>
            <test-suite type="TestFixture" id="1040" name="AttriaxRequestQueueTests" fullname="Attriax.Unity.Tests.AttriaxRequestQueueTests" classname="Attriax.Unity.Tests.AttriaxRequestQueueTests" runstate="Runnable" testcasecount="5" result="Passed" start-time="2026-05-20 11:08:05Z" end-time="2026-05-20 11:08:05Z" duration="0.035041" total="5" passed="5" failed="0" inconclusive="0" skipped="0" asserts="0">
              <properties />
              <test-case id="1042" name="ClearRejectsPendingRequestsAndRemovesPersistedQueue" fullname="Attriax.Unity.Tests.AttriaxRequestQueueTests.ClearRejectsPendingRequestsAndRemovesPersistedQueue" methodname="ClearRejectsPendingRequestsAndRemovesPersistedQueue" classname="Attriax.Unity.Tests.AttriaxRequestQueueTests" runstate="Runnable" seed="667344713" result="Passed" start-time="2026-05-20 11:08:05Z" end-time="2026-05-20 11:08:05Z" duration="0.013512" asserts="0">
                <properties>
                  <property name="retryIteration" value="0" />
                  <property name="repeatIteration" value="0" />
                </properties>
              </test-case>
              <test-case id="1041" name="ConstructorDropsInvalidPersistedPayload" fullname="Attriax.Unity.Tests.AttriaxRequestQueueTests.ConstructorDropsInvalidPersistedPayload" methodname="ConstructorDropsInvalidPersistedPayload" classname="Attriax.Unity.Tests.AttriaxRequestQueueTests" runstate="Runnable" seed="312637304" result="Passed" start-time="2026-05-20 11:08:05Z" end-time="2026-05-20 11:08:05Z" duration="0.001369" asserts="0">
                <properties>
                  <property name="retryIteration" value="0" />
                  <property name="repeatIteration" value="0" />
                </properties>
              </test-case>
              <test-case id="1045" name="DiscardWhereRemovesMatchingEntriesAndRejectsPendingRequests" fullname="Attriax.Unity.Tests.AttriaxRequestQueueTests.DiscardWhereRemovesMatchingEntriesAndRejectsPendingRequests" methodname="DiscardWhereRemovesMatchingEntriesAndRejectsPendingRequests" classname="Attriax.Unity.Tests.AttriaxRequestQueueTests" runstate="Runnable" seed="646633672" result="Passed" start-time="2026-05-20 11:08:05Z" end-time="2026-05-20 11:08:05Z" duration="0.003592" asserts="0">
                <properties>
                  <property name="retryIteration" value="0" />
                  <property name="repeatIteration" value="0" />
                </properties>
              </test-case>
              <test-case id="1044" name="PeekBatchablePrefixStopsAtEnvelopeBoundaries" fullname="Attriax.Unity.Tests.AttriaxRequestQueueTests.PeekBatchablePrefixStopsAtEnvelopeBoundaries" methodname="PeekBatchablePrefixStopsAtEnvelopeBoundaries" classname="Attriax.Unity.Tests.AttriaxRequestQueueTests" runstate="Runnable" seed="94655612" result="Passed" start-time="2026-05-20 11:08:05Z" end-time="2026-05-20 11:08:05Z" duration="0.003601" asserts="0">
                <properties>
                  <property name="retryIteration" value="0" />
                  <property name="repeatIteration" value="0" />
                </properties>
              </test-case>
              <test-case id="1043" name="PrioritizeOpenRequestsMovesOpenEntriesToTheFront" fullname="Attriax.Unity.Tests.AttriaxRequestQueueTests.PrioritizeOpenRequestsMovesOpenEntriesToTheFront" methodname="PrioritizeOpenRequestsMovesOpenEntriesToTheFront" classname="Attriax.Unity.Tests.AttriaxRequestQueueTests" runstate="Runnable" seed="1210475672" result="Passed" start-time="2026-05-20 11:08:05Z" end-time="2026-05-20 11:08:05Z" duration="0.011603" asserts="0">
                <properties>
                  <property name="retryIteration" value="0" />
                  <property name="repeatIteration" value="0" />
                </properties>
              </test-case>
            </test-suite>
            <test-suite type="TestFixture" id="1046" name="AttriaxRuntimeBrowserActionTests" fullname="Attriax.Unity.Tests.AttriaxRuntimeBrowserActionTests" classname="Attriax.Unity.Tests.AttriaxRuntimeBrowserActionTests" runstate="Runnable" testcasecount="2" result="Passed" start-time="2026-05-20 11:08:05Z" end-time="2026-05-20 11:08:05Z" duration="0.006358" total="2" passed="2" failed="0" inconclusive="0" skipped="0" asserts="0">
              <properties />
              <test-case id="1048" name="BrowserActionsSkipOpenerWhenAutomaticHandlingDisabled" fullname="Attriax.Unity.Tests.AttriaxRuntimeBrowserActionTests.BrowserActionsSkipOpenerWhenAutomaticHandlingDisabled" methodname="BrowserActionsSkipOpenerWhenAutomaticHandlingDisabled" classname="Attriax.Unity.Tests.AttriaxRuntimeBrowserActionTests" runstate="Runnable" seed="1572941041" result="Passed" start-time="2026-05-20 11:08:05Z" end-time="2026-05-20 11:08:05Z" duration="0.003532" asserts="0">
                <properties>
                  <property name="retryIteration" value="0" />
                  <property name="repeatIteration" value="0" />
                </properties>
              </test-case>
              <test-case id="1047" name="BrowserActionsUseInjectedOpenerWhenAutomaticHandlingEnabled" fullname="Attriax.Unity.Tests.AttriaxRuntimeBrowserActionTests.BrowserActionsUseInjectedOpenerWhenAutomaticHandlingEnabled" methodname="BrowserActionsUseInjectedOpenerWhenAutomaticHandlingEnabled" classname="Attriax.Unity.Tests.AttriaxRuntimeBrowserActionTests" runstate="Runnable" seed="11227461" result="Passed" start-time="2026-05-20 11:08:05Z" end-time="2026-05-20 11:08:05Z" duration="0.001733" asserts="0">
                <properties>
                  <property name="retryIteration" value="0" />
                  <property name="repeatIteration" value="0" />
                </properties>
              </test-case>
            </test-suite>
            <test-suite type="TestFixture" id="1049" name="AttriaxSessionManagerTests" fullname="Attriax.Unity.Tests.AttriaxSessionManagerTests" classname="Attriax.Unity.Tests.AttriaxSessionManagerTests" runstate="Runnable" testcasecount="3" result="Passed" start-time="2026-05-20 11:08:05Z" end-time="2026-05-20 11:08:05Z" duration="0.006146" total="3" passed="3" failed="0" inconclusive="0" skipped="0" asserts="0">
              <properties />
              <test-case id="1051" name="HandleSuccessfulForegroundFlushIgnoresStaleSessionIds" fullname="Attriax.Unity.Tests.AttriaxSessionManagerTests.HandleSuccessfulForegroundFlushIgnoresStaleSessionIds" methodname="HandleSuccessfulForegroundFlushIgnoresStaleSessionIds" classname="Attriax.Unity.Tests.AttriaxSessionManagerTests" runstate="Runnable" seed="184184837" result="Passed" start-time="2026-05-20 11:08:05Z" end-time="2026-05-20 11:08:05Z" duration="0.004140" asserts="0">
                <properties>
                  <property name="retryIteration" value="0" />
                  <property name="repeatIteration" value="0" />
                </properties>
              </test-case>
              <test-case id="1050" name="HandleSuccessfulForegroundFlushUpdatesActivityAndResetsHeartbeatAccumulator" fullname="Attriax.Unity.Tests.AttriaxSessionManagerTests.HandleSuccessfulForegroundFlushUpdatesActivityAndResetsHeartbeatAccumulator" methodname="HandleSuccessfulForegroundFlushUpdatesActivityAndResetsHeartbeatAccumulator" classname="Attriax.Unity.Tests.AttriaxSessionManagerTests" runstate="Runnable" seed="1265088668" result="Passed" start-time="2026-05-20 11:08:05Z" end-time="2026-05-20 11:08:05Z" duration="0.000919" asserts="0">
                <properties>
                  <property name="retryIteration" value="0" />
                  <property name="repeatIteration" value="0" />
                </properties>
              </test-case>
              <test-case id="1052" name="InitializeSkipsSessionCreationWhenConsentBlocksSessionTracking" fullname="Attriax.Unity.Tests.AttriaxSessionManagerTests.InitializeSkipsSessionCreationWhenConsentBlocksSessionTracking" methodname="InitializeSkipsSessionCreationWhenConsentBlocksSessionTracking" classname="Attriax.Unity.Tests.AttriaxSessionManagerTests" runstate="Runnable" seed="628805828" result="Passed" start-time="2026-05-20 11:08:05Z" end-time="2026-05-20 11:08:05Z" duration="0.000274" asserts="0">
                <properties>
                  <property name="retryIteration" value="0" />
                  <property name="repeatIteration" value="0" />
                </properties>
              </test-case>
            </test-suite>
            <test-suite type="TestFixture" id="1053" name="AttriaxSkanManagerTests" fullname="Attriax.Unity.Tests.AttriaxSkanManagerTests" classname="Attriax.Unity.Tests.AttriaxSkanManagerTests" runstate="Runnable" testcasecount="10" result="Passed" start-time="2026-05-20 11:08:05Z" end-time="2026-05-20 11:08:05Z" duration="0.058196" total="10" passed="10" failed="0" inconclusive="0" skipped="0" asserts="0">
              <properties />
              <test-case id="1062" name="AdShowSignalsUseLocalCount" fullname="Attriax.Unity.Tests.AttriaxSkanManagerTests.AdShowSignalsUseLocalCount" methodname="AdShowSignalsUseLocalCount" classname="Attriax.Unity.Tests.AttriaxSkanManagerTests" runstate="Runnable" seed="49212789" result="Passed" start-time="2026-05-20 11:08:05Z" end-time="2026-05-20 11:08:05Z" duration="0.031421" asserts="0">
                <properties>
                  <property name="retryIteration" value="0" />
                  <property name="repeatIteration" value="0" />
                </properties>
              </test-case>
              <test-case id="1063" name="AppOpenEvaluatesRetentionMilestonesFromConfiguredEvents" fullname="Attriax.Unity.Tests.AttriaxSkanManagerTests.AppOpenEvaluatesRetentionMilestonesFromConfiguredEvents" methodname="AppOpenEvaluatesRetentionMilestonesFromConfiguredEvents" classname="Attriax.Unity.Tests.AttriaxSkanManagerTests" runstate="Runnable" seed="240408857" result="Passed" start-time="2026-05-20 11:08:05Z" end-time="2026-05-20 11:08:05Z" duration="0.005719" asserts="0">
                <properties>
                  <property name="retryIteration" value="0" />
                  <property name="repeatIteration" value="0" />
                </properties>
              </test-case>
              <test-case id="1060" name="FailedNonUsdRevenueConversionFallsBackToSingleMicrousd" fullname="Attriax.Unity.Tests.AttriaxSkanManagerTests.FailedNonUsdRevenueConversionFallsBackToSingleMicrousd" methodname="FailedNonUsdRevenueConversionFallsBackToSingleMicrousd" classname="Attriax.Unity.Tests.AttriaxSkanManagerTests" runstate="Runnable" seed="1571962660" result="Passed" start-time="2026-05-20 11:08:05Z" end-time="2026-05-20 11:08:05Z" duration="0.003440" asserts="0">
                <properties>
                  <property name="retryIteration" value="0" />
                  <property name="repeatIteration" value="0" />
                </properties>
              </test-case>
              <test-case id="1054" name="InitializeRegistersFirstLaunchValue" fullname="Attriax.Unity.Tests.AttriaxSkanManagerTests.InitializeRegistersFirstLaunchValue" methodname="InitializeRegistersFirstLaunchValue" classname="Attriax.Unity.Tests.AttriaxSkanManagerTests" runstate="Runnable" seed="1803563743" result="Passed" start-time="2026-05-20 11:08:05Z" end-time="2026-05-20 11:08:05Z" duration="0.001481" asserts="0">
                <properties>
                  <property name="retryIteration" value="0" />
                  <property name="repeatIteration" value="0" />
                </properties>
              </test-case>
              <test-case id="1056" name="MatchingWindow1EventEncodesBitRange" fullname="Attriax.Unity.Tests.AttriaxSkanManagerTests.MatchingWindow1EventEncodesBitRange" methodname="MatchingWindow1EventEncodesBitRange" classname="Attriax.Unity.Tests.AttriaxSkanManagerTests" runstate="Runnable" seed="740116148" result="Passed" start-time="2026-05-20 11:08:05Z" end-time="2026-05-20 11:08:05Z" duration="0.002598" asserts="0">
                <properties>
                  <property name="retryIteration" value="0" />
                  <property name="repeatIteration" value="0" />
                </properties>
              </test-case>
              <test-case id="1057" name="MatchingWindow2EventAppliesCoarseOnlyUpdate" fullname="Attriax.Unity.Tests.AttriaxSkanManagerTests.MatchingWindow2EventAppliesCoarseOnlyUpdate" methodname="MatchingWindow2EventAppliesCoarseOnlyUpdate" classname="Attriax.Unity.Tests.AttriaxSkanManagerTests" runstate="Runnable" seed="2107826724" result="Passed" start-time="2026-05-20 11:08:05Z" end-time="2026-05-20 11:08:05Z" duration="0.002857" asserts="0">
                <properties>
                  <property name="retryIteration" value="0" />
                  <property name="repeatIteration" value="0" />
                </properties>
              </test-case>
              <test-case id="1055" name="NonIosPlatformsSkipPersistedAndRuntimeSkanHandling" fullname="Attriax.Unity.Tests.AttriaxSkanManagerTests.NonIosPlatformsSkipPersistedAndRuntimeSkanHandling" methodname="NonIosPlatformsSkipPersistedAndRuntimeSkanHandling" classname="Attriax.Unity.Tests.AttriaxSkanManagerTests" runstate="Runnable" seed="125027638" result="Passed" start-time="2026-05-20 11:08:05Z" end-time="2026-05-20 11:08:05Z" duration="0.001323" asserts="0">
                <properties>
                  <property name="retryIteration" value="0" />
                  <property name="repeatIteration" value="0" />
                </properties>
              </test-case>
              <test-case id="1059" name="NonUsdPurchaseRevenueUsesConverterBeforeMatching" fullname="Attriax.Unity.Tests.AttriaxSkanManagerTests.NonUsdPurchaseRevenueUsesConverterBeforeMatching" methodname="NonUsdPurchaseRevenueUsesConverterBeforeMatching" classname="Attriax.Unity.Tests.AttriaxSkanManagerTests" runstate="Runnable" seed="855676090" result="Passed" start-time="2026-05-20 11:08:05Z" end-time="2026-05-20 11:08:05Z" duration="0.003602" asserts="0">
                <properties>
                  <property name="retryIteration" value="0" />
                  <property name="repeatIteration" value="0" />
                </properties>
              </test-case>
              <test-case id="1061" name="PurchaseCountDoesNotInventRevenue" fullname="Attriax.Unity.Tests.AttriaxSkanManagerTests.PurchaseCountDoesNotInventRevenue" methodname="PurchaseCountDoesNotInventRevenue" classname="Attriax.Unity.Tests.AttriaxSkanManagerTests" runstate="Runnable" seed="2089720853" result="Passed" start-time="2026-05-20 11:08:05Z" end-time="2026-05-20 11:08:05Z" duration="0.001879" asserts="0">
                <properties>
                  <property name="retryIteration" value="0" />
                  <property name="repeatIteration" value="0" />
                </properties>
              </test-case>
              <test-case id="1058" name="PurchaseSignalsUseLocalUsdRevenueAndCount" fullname="Attriax.Unity.Tests.AttriaxSkanManagerTests.PurchaseSignalsUseLocalUsdRevenueAndCount" methodname="PurchaseSignalsUseLocalUsdRevenueAndCount" classname="Attriax.Unity.Tests.AttriaxSkanManagerTests" runstate="Runnable" seed="1473004112" result="Passed" start-time="2026-05-20 11:08:05Z" end-time="2026-05-20 11:08:05Z" duration="0.002046" asserts="0">
                <properties>
                  <property name="retryIteration" value="0" />
                  <property name="repeatIteration" value="0" />
                </properties>
              </test-case>
            </test-suite>
            <test-suite type="TestFixture" id="1064" name="AttriaxTrackingAuthorizationManagerTests" fullname="Attriax.Unity.Tests.AttriaxTrackingAuthorizationManagerTests" classname="Attriax.Unity.Tests.AttriaxTrackingAuthorizationManagerTests" runstate="Runnable" testcasecount="6" result="Passed" start-time="2026-05-20 11:08:05Z" end-time="2026-05-20 11:08:05Z" duration="0.280435" total="6" passed="6" failed="0" inconclusive="0" skipped="0" asserts="0">
              <properties />
              <test-case id="1065" name="GetTrackingAuthorizationStatusReadsPlatformWhenAdIdsDisabled" fullname="Attriax.Unity.Tests.AttriaxTrackingAuthorizationManagerTests.GetTrackingAuthorizationStatusReadsPlatformWhenAdIdsDisabled" methodname="GetTrackingAuthorizationStatusReadsPlatformWhenAdIdsDisabled" classname="Attriax.Unity.Tests.AttriaxTrackingAuthorizationManagerTests" runstate="Runnable" seed="1025445330" result="Passed" start-time="2026-05-20 11:08:05Z" end-time="2026-05-20 11:08:05Z" duration="0.002456" asserts="0">
                <properties>
                  <property name="retryIteration" value="0" />
                  <property name="repeatIteration" value="0" />
                </properties>
              </test-case>
              <test-case id="1066" name="RequestTrackingAuthorizationForwardsRealRequestWhenAdIdsDisabled" fullname="Attriax.Unity.Tests.AttriaxTrackingAuthorizationManagerTests.RequestTrackingAuthorizationForwardsRealRequestWhenAdIdsDisabled" methodname="RequestTrackingAuthorizationForwardsRealRequestWhenAdIdsDisabled" classname="Attriax.Unity.Tests.AttriaxTrackingAuthorizationManagerTests" runstate="Runnable" seed="1232923150" result="Passed" start-time="2026-05-20 11:08:05Z" end-time="2026-05-20 11:08:05Z" duration="0.002131" asserts="0">
                <properties>
                  <property name="retryIteration" value="0" />
                  <property name="repeatIteration" value="0" />
                </properties>
              </test-case>
              <test-case id="1067" name="RequestTrackingAuthorizationOnInitRequestsOnceBeforeStartupCollection" fullname="Attriax.Unity.Tests.AttriaxTrackingAuthorizationManagerTests.RequestTrackingAuthorizationOnInitRequestsOnceBeforeStartupCollection" methodname="RequestTrackingAuthorizationOnInitRequestsOnceBeforeStartupCollection" classname="Attriax.Unity.Tests.AttriaxTrackingAuthorizationManagerTests" runstate="Runnable" seed="1068939055" result="Passed" start-time="2026-05-20 11:08:05Z" end-time="2026-05-20 11:08:05Z" duration="0.001355" asserts="0">
                <properties>
                  <property name="retryIteration" value="0" />
                  <property name="repeatIteration" value="0" />
                </properties>
              </test-case>
              <test-case id="1069" name="RequestTrackingAuthorizationTimesOutWhenStatusNeverResolves" fullname="Attriax.Unity.Tests.AttriaxTrackingAuthorizationManagerTests.RequestTrackingAuthorizationTimesOutWhenStatusNeverResolves" methodname="RequestTrackingAuthorizationTimesOutWhenStatusNeverResolves" classname="Attriax.Unity.Tests.AttriaxTrackingAuthorizationManagerTests" runstate="Runnable" seed="898118686" result="Passed" start-time="2026-05-20 11:08:05Z" end-time="2026-05-20 11:08:05Z" duration="0.074257" asserts="0">
                <properties>
                  <property name="retryIteration" value="0" />
                  <property name="repeatIteration" value="0" />
                </properties>
              </test-case>
              <test-case id="1068" name="RequestTrackingAuthorizationWaitsForResolvedStatusAfterPrematureNotDetermined" fullname="Attriax.Unity.Tests.AttriaxTrackingAuthorizationManagerTests.RequestTrackingAuthorizationWaitsForResolvedStatusAfterPrematureNotDetermined" methodname="RequestTrackingAuthorizationWaitsForResolvedStatusAfterPrematureNotDetermined" classname="Attriax.Unity.Tests.AttriaxTrackingAuthorizationManagerTests" runstate="Runnable" seed="957425393" result="Passed" start-time="2026-05-20 11:08:05Z" end-time="2026-05-20 11:08:05Z" duration="0.048708" asserts="0">
                <properties>
                  <property name="retryIteration" value="0" />
                  <property name="repeatIteration" value="0" />
                </properties>
              </test-case>
              <test-case id="1070" name="StartupPollingJoinsExplicitTrackingAuthorizationRequest" fullname="Attriax.Unity.Tests.AttriaxTrackingAuthorizationManagerTests.StartupPollingJoinsExplicitTrackingAuthorizationRequest" methodname="StartupPollingJoinsExplicitTrackingAuthorizationRequest" classname="Attriax.Unity.Tests.AttriaxTrackingAuthorizationManagerTests" runstate="Runnable" seed="1793111947" result="Passed" start-time="2026-05-20 11:08:05Z" end-time="2026-05-20 11:08:05Z" duration="0.150039" asserts="0">
                <properties>
                  <property name="retryIteration" value="0" />
                  <property name="repeatIteration" value="0" />
                </properties>
                <output><![CDATA[Saving results to: C:\Users\timon\Projects\attriax\sdk-unity\TestResults\EditModeResults.xml
]]></output>
              </test-case>
            </test-suite>
          </test-suite>
        </test-suite>
      </test-suite>
    </test-suite>
  </test-suite>
</test-run>