<?xml version="1.0" encoding="utf-8"?>
<test-run id="2" testcasecount="56" result="Passed" total="56" passed="56" failed="0" inconclusive="0" skipped="0" asserts="0" engine-version="3.5.0.0" clr-version="4.0.30319.42000" start-time="2026-05-20 09:17:24Z" end-time="2026-05-20 09:17:25Z" duration="0.6522944">
  <test-suite type="TestSuite" id="1000" name="sdk-unity" fullname="sdk-unity" runstate="Runnable" testcasecount="56" result="Passed" start-time="2026-05-20 09:17:24Z" end-time="2026-05-20 09:17:25Z" duration="0.652294" total="56" passed="56" failed="0" inconclusive="0" skipped="0" asserts="0">
    <properties>
      <property name="platform" value="EditMode" />
    </properties>
    <test-suite type="Assembly" id="1070" name="Attriax.EditorTests.dll" fullname="C:/Users/timon/Projects/attriax/sdk-unity/Library/ScriptAssemblies/Attriax.EditorTests.dll" runstate="Runnable" testcasecount="56" result="Passed" start-time="2026-05-20 09:17:24Z" end-time="2026-05-20 09:17:25Z" duration="0.644438" total="56" passed="56" failed="0" inconclusive="0" skipped="0" asserts="0">
      <properties>
        <property name="_PID" value="53460" />
        <property name="_APPDOMAIN" value="Unity Child Domain" />
        <property name="platform" value="EditMode" />
        <property name="EditorOnly" value="True" />
      </properties>
      <test-suite type="TestSuite" id="1071" name="Attriax" fullname="Attriax" runstate="Runnable" testcasecount="56" result="Passed" start-time="2026-05-20 09:17:24Z" end-time="2026-05-20 09:17:25Z" duration="0.643933" total="56" passed="56" failed="0" inconclusive="0" skipped="0" asserts="0">
        <properties />
        <test-suite type="TestSuite" id="1072" name="Unity" fullname="Attriax.Unity" runstate="Runnable" testcasecount="56" result="Passed" start-time="2026-05-20 09:17:24Z" end-time="2026-05-20 09:17:25Z" duration="0.643674" total="56" passed="56" failed="0" inconclusive="0" skipped="0" asserts="0">
          <properties />
          <test-suite type="TestSuite" id="1073" name="Tests" fullname="Attriax.Unity.Tests" runstate="Runnable" testcasecount="56" result="Passed" start-time="2026-05-20 09:17:24Z" end-time="2026-05-20 09:17:25Z" duration="0.643271" total="56" passed="56" failed="0" inconclusive="0" skipped="0" asserts="0">
            <properties />
            <test-suite type="TestFixture" id="1001" name="AttriaxAppOpenManagerTests" fullname="Attriax.Unity.Tests.AttriaxAppOpenManagerTests" classname="Attriax.Unity.Tests.AttriaxAppOpenManagerTests" runstate="Runnable" testcasecount="1" result="Passed" start-time="2026-05-20 09:17:24Z" end-time="2026-05-20 09:17:24Z" duration="0.014155" total="1" passed="1" failed="0" inconclusive="0" skipped="0" asserts="0">
              <properties />
              <test-case id="1002" name="TracksSuccessfulResultsOnlyAfterAppOpenCompletes" fullname="Attriax.Unity.Tests.AttriaxAppOpenManagerTests.TracksSuccessfulResultsOnlyAfterAppOpenCompletes" methodname="TracksSuccessfulResultsOnlyAfterAppOpenCompletes" classname="Attriax.Unity.Tests.AttriaxAppOpenManagerTests" runstate="Runnable" seed="636034995" result="Passed" start-time="2026-05-20 09:17:24Z" end-time="2026-05-20 09:17:24Z" duration="0.006559" asserts="0">
                <properties>
                  <property name="retryIteration" value="0" />
                  <property name="repeatIteration" value="0" />
                </properties>
              </test-case>
            </test-suite>
            <test-suite type="TestFixture" id="1003" name="AttriaxConfigTests" fullname="Attriax.Unity.Tests.AttriaxConfigTests" classname="Attriax.Unity.Tests.AttriaxConfigTests" runstate="Runnable" testcasecount="7" result="Passed" start-time="2026-05-20 09:17:24Z" end-time="2026-05-20 09:17:24Z" duration="0.021696" total="7" passed="7" failed="0" inconclusive="0" skipped="0" asserts="0">
              <properties />
              <test-case id="1009" name="ConstructorAllowsDisablingAutomaticCrashReporting" fullname="Attriax.Unity.Tests.AttriaxConfigTests.ConstructorAllowsDisablingAutomaticCrashReporting" methodname="ConstructorAllowsDisablingAutomaticCrashReporting" classname="Attriax.Unity.Tests.AttriaxConfigTests" runstate="Runnable" seed="1684784470" result="Passed" start-time="2026-05-20 09:17:24Z" end-time="2026-05-20 09:17:24Z" duration="0.012590" asserts="0">
                <properties>
                  <property name="retryIteration" value="0" />
                  <property name="repeatIteration" value="0" />
                </properties>
              </test-case>
              <test-case id="1006" name="ConstructorAllowsIpv6LoopbackHttpForDevelopment" fullname="Attriax.Unity.Tests.AttriaxConfigTests.ConstructorAllowsIpv6LoopbackHttpForDevelopment" methodname="ConstructorAllowsIpv6LoopbackHttpForDevelopment" classname="Attriax.Unity.Tests.AttriaxConfigTests" runstate="Runnable" seed="2143122886" result="Passed" start-time="2026-05-20 09:17:24Z" end-time="2026-05-20 09:17:24Z" duration="0.003118" asserts="0">
                <properties>
                  <property name="retryIteration" value="0" />
                  <property name="repeatIteration" value="0" />
                </properties>
              </test-case>
              <test-case id="1005" name="ConstructorAllowsLocalhostHttpForDevelopment" fullname="Attriax.Unity.Tests.AttriaxConfigTests.ConstructorAllowsLocalhostHttpForDevelopment" methodname="ConstructorAllowsLocalhostHttpForDevelopment" classname="Attriax.Unity.Tests.AttriaxConfigTests" runstate="Runnable" seed="362158904" result="Passed" start-time="2026-05-20 09:17:24Z" end-time="2026-05-20 09:17:24Z" duration="0.000503" asserts="0">
                <properties>
                  <property name="retryIteration" value="0" />
                  <property name="repeatIteration" value="0" />
                </properties>
              </test-case>
              <test-case id="1008" name="ConstructorEnablesAutomaticBrowserHandlingByDefault" fullname="Attriax.Unity.Tests.AttriaxConfigTests.ConstructorEnablesAutomaticBrowserHandlingByDefault" methodname="ConstructorEnablesAutomaticBrowserHandlingByDefault" classname="Attriax.Unity.Tests.AttriaxConfigTests" runstate="Runnable" seed="1357756698" result="Passed" start-time="2026-05-20 09:17:24Z" end-time="2026-05-20 09:17:24Z" duration="0.001225" asserts="0">
                <properties>
                  <property name="retryIteration" value="0" />
                  <property name="repeatIteration" value="0" />
                </properties>
              </test-case>
              <test-case id="1007" name="ConstructorRejectsInsecureRemoteApiBaseUrl" fullname="Attriax.Unity.Tests.AttriaxConfigTests.ConstructorRejectsInsecureRemoteApiBaseUrl" methodname="ConstructorRejectsInsecureRemoteApiBaseUrl" classname="Attriax.Unity.Tests.AttriaxConfigTests" runstate="Runnable" seed="480992311" result="Passed" start-time="2026-05-20 09:17:24Z" end-time="2026-05-20 09:17:24Z" duration="0.001476" asserts="0">
                <properties>
                  <property name="retryIteration" value="0" />
                  <property name="repeatIteration" value="0" />
                </properties>
              </test-case>
              <test-case id="1004" name="ConstructorRejectsMissingAppToken" fullname="Attriax.Unity.Tests.AttriaxConfigTests.ConstructorRejectsMissingAppToken" methodname="ConstructorRejectsMissingAppToken" classname="Attriax.Unity.Tests.AttriaxConfigTests" runstate="Runnable" seed="2144444716" result="Passed" start-time="2026-05-20 09:17:24Z" end-time="2026-05-20 09:17:24Z" duration="0.000167" asserts="0">
                <properties>
                  <property name="retryIteration" value="0" />
                  <property name="repeatIteration" value="0" />
                </properties>
              </test-case>
              <test-case id="1010" name="ConstructorUsesForegroundHeartbeatAndQueueDefaults" fullname="Attriax.Unity.Tests.AttriaxConfigTests.ConstructorUsesForegroundHeartbeatAndQueueDefaults" methodname="ConstructorUsesForegroundHeartbeatAndQueueDefaults" classname="Attriax.Unity.Tests.AttriaxConfigTests" runstate="Runnable" seed="498099952" result="Passed" start-time="2026-05-20 09:17:24Z" end-time="2026-05-20 09:17:24Z" duration="0.000413" asserts="0">
                <properties>
                  <property name="retryIteration" value="0" />
                  <property name="repeatIteration" value="0" />
                </properties>
              </test-case>
            </test-suite>
            <test-suite type="TestFixture" id="1011" name="AttriaxConsentManagerTests" fullname="Attriax.Unity.Tests.AttriaxConsentManagerTests" classname="Attriax.Unity.Tests.AttriaxConsentManagerTests" runstate="Runnable" testcasecount="4" result="Passed" start-time="2026-05-20 09:17:24Z" end-time="2026-05-20 09:17:24Z" duration="0.089758" total="4" passed="4" failed="0" inconclusive="0" skipped="0" asserts="0">
              <properties />
              <test-case id="1013" name="InitAutoDetectsPendingFromWindowsTimezoneWithoutNetwork" fullname="Attriax.Unity.Tests.AttriaxConsentManagerTests.InitAutoDetectsPendingFromWindowsTimezoneWithoutNetwork" methodname="InitAutoDetectsPendingFromWindowsTimezoneWithoutNetwork" classname="Attriax.Unity.Tests.AttriaxConsentManagerTests" runstate="Runnable" seed="201136021" result="Passed" start-time="2026-05-20 09:17:24Z" end-time="2026-05-20 09:17:24Z" duration="0.061071" asserts="0">
                <properties>
                  <property name="retryIteration" value="0" />
                  <property name="repeatIteration" value="0" />
                </properties>
              </test-case>
              <test-case id="1012" name="InitAutoDetectsPendingWithoutNetwork" fullname="Attriax.Unity.Tests.AttriaxConsentManagerTests.InitAutoDetectsPendingWithoutNetwork" methodname="InitAutoDetectsPendingWithoutNetwork" classname="Attriax.Unity.Tests.AttriaxConsentManagerTests" runstate="Runnable" seed="512386066" result="Passed" start-time="2026-05-20 09:17:24Z" end-time="2026-05-20 09:17:24Z" duration="0.000815" asserts="0">
                <properties>
                  <property name="retryIteration" value="0" />
                  <property name="repeatIteration" value="0" />
                </properties>
              </test-case>
              <test-case id="1014" name="NeedsConsentUsesRemoteCheckWhenGdprIsDisabled" fullname="Attriax.Unity.Tests.AttriaxConsentManagerTests.NeedsConsentUsesRemoteCheckWhenGdprIsDisabled" methodname="NeedsConsentUsesRemoteCheckWhenGdprIsDisabled" classname="Attriax.Unity.Tests.AttriaxConsentManagerTests" runstate="Runnable" seed="502045826" result="Passed" start-time="2026-05-20 09:17:24Z" end-time="2026-05-20 09:17:24Z" duration="0.006199" asserts="0">
                <properties>
                  <property name="retryIteration" value="0" />
                  <property name="repeatIteration" value="0" />
                </properties>
              </test-case>
              <test-case id="1015" name="SetConsentPersistsAndSyncsGrantedValues" fullname="Attriax.Unity.Tests.AttriaxConsentManagerTests.SetConsentPersistsAndSyncsGrantedValues" methodname="SetConsentPersistsAndSyncsGrantedValues" classname="Attriax.Unity.Tests.AttriaxConsentManagerTests" runstate="Runnable" seed="89661555" result="Passed" start-time="2026-05-20 09:17:24Z" end-time="2026-05-20 09:17:24Z" duration="0.019301" asserts="0">
                <properties>
                  <property name="retryIteration" value="0" />
                  <property name="repeatIteration" value="0" />
                </properties>
              </test-case>
            </test-suite>
            <test-suite type="TestFixture" id="1016" name="AttriaxEventHubTests" fullname="Attriax.Unity.Tests.AttriaxEventHubTests" classname="Attriax.Unity.Tests.AttriaxEventHubTests" runstate="Runnable" testcasecount="6" result="Passed" start-time="2026-05-20 09:17:24Z" end-time="2026-05-20 09:17:24Z" duration="0.004911" total="6" passed="6" failed="0" inconclusive="0" skipped="0" asserts="0">
              <properties />
              <test-case id="1022" name="DeepLinkEventMarksAttriaxManagedSubdomains" fullname="Attriax.Unity.Tests.AttriaxEventHubTests.DeepLinkEventMarksAttriaxManagedSubdomains" methodname="DeepLinkEventMarksAttriaxManagedSubdomains" classname="Attriax.Unity.Tests.AttriaxEventHubTests" runstate="Runnable" seed="755725316" result="Passed" start-time="2026-05-20 09:17:24Z" end-time="2026-05-20 09:17:24Z" duration="0.000303" asserts="0">
                <properties>
                  <property name="retryIteration" value="0" />
                  <property name="repeatIteration" value="0" />
                </properties>
              </test-case>
              <test-case id="1021" name="DeepLinkSubscribersReceiveEmittedEvents" fullname="Attriax.Unity.Tests.AttriaxEventHubTests.DeepLinkSubscribersReceiveEmittedEvents" methodname="DeepLinkSubscribersReceiveEmittedEvents" classname="Attriax.Unity.Tests.AttriaxEventHubTests" runstate="Runnable" seed="708289513" result="Passed" start-time="2026-05-20 09:17:24Z" end-time="2026-05-20 09:17:24Z" duration="0.000983" asserts="0">
                <properties>
                  <property name="retryIteration" value="0" />
                  <property name="repeatIteration" value="0" />
                </properties>
              </test-case>
              <test-case id="1018" name="DisposedSynchronizationSubscriptionStopsFutureNotifications" fullname="Attriax.Unity.Tests.AttriaxEventHubTests.DisposedSynchronizationSubscriptionStopsFutureNotifications" methodname="DisposedSynchronizationSubscriptionStopsFutureNotifications" classname="Attriax.Unity.Tests.AttriaxEventHubTests" runstate="Runnable" seed="431147734" result="Passed" start-time="2026-05-20 09:17:24Z" end-time="2026-05-20 09:17:24Z" duration="0.001373" asserts="0">
                <properties>
                  <property name="retryIteration" value="0" />
                  <property name="repeatIteration" value="0" />
                </properties>
              </test-case>
              <test-case id="1020" name="RawDeepLinkSubscribersReceiveEmittedEvents" fullname="Attriax.Unity.Tests.AttriaxEventHubTests.RawDeepLinkSubscribersReceiveEmittedEvents" methodname="RawDeepLinkSubscribersReceiveEmittedEvents" classname="Attriax.Unity.Tests.AttriaxEventHubTests" runstate="Runnable" seed="1382300340" result="Passed" start-time="2026-05-20 09:17:24Z" end-time="2026-05-20 09:17:24Z" duration="0.000536" asserts="0">
                <properties>
                  <property name="retryIteration" value="0" />
                  <property name="repeatIteration" value="0" />
                </properties>
              </test-case>
              <test-case id="1019" name="ResetRestoresTheInitializingSynchronizationState" fullname="Attriax.Unity.Tests.AttriaxEventHubTests.ResetRestoresTheInitializingSynchronizationState" methodname="ResetRestoresTheInitializingSynchronizationState" classname="Attriax.Unity.Tests.AttriaxEventHubTests" runstate="Runnable" seed="1462455638" result="Passed" start-time="2026-05-20 09:17:24Z" end-time="2026-05-20 09:17:24Z" duration="0.000223" asserts="0">
                <properties>
                  <property name="retryIteration" value="0" />
                  <property name="repeatIteration" value="0" />
                </properties>
              </test-case>
              <test-case id="1017" name="SynchronizationSubscribersReceiveStateChangesInOrder" fullname="Attriax.Unity.Tests.AttriaxEventHubTests.SynchronizationSubscribersReceiveStateChangesInOrder" methodname="SynchronizationSubscribersReceiveStateChangesInOrder" classname="Attriax.Unity.Tests.AttriaxEventHubTests" runstate="Runnable" seed="2116272115" result="Passed" start-time="2026-05-20 09:17:24Z" end-time="2026-05-20 09:17:24Z" duration="0.000180" asserts="0">
                <properties>
                  <property name="retryIteration" value="0" />
                  <property name="repeatIteration" value="0" />
                </properties>
              </test-case>
            </test-suite>
            <test-suite type="TestFixture" id="1023" name="AttriaxGeneratedGatewayTests" fullname="Attriax.Unity.Tests.AttriaxGeneratedGatewayTests" classname="Attriax.Unity.Tests.AttriaxGeneratedGatewayTests" runstate="Runnable" testcasecount="2" result="Passed" start-time="2026-05-20 09:17:24Z" end-time="2026-05-20 09:17:24Z" duration="0.043846" total="2" passed="2" failed="0" inconclusive="0" skipped="0" asserts="0">
              <properties />
              <test-case id="1025" name="FitsBatchAllowsNinetyNineEventsPlusKeepAlive" fullname="Attriax.Unity.Tests.AttriaxGeneratedGatewayTests.FitsBatchAllowsNinetyNineEventsPlusKeepAlive" methodname="FitsBatchAllowsNinetyNineEventsPlusKeepAlive" classname="Attriax.Unity.Tests.AttriaxGeneratedGatewayTests" runstate="Runnable" seed="369844562" result="Passed" start-time="2026-05-20 09:17:24Z" end-time="2026-05-20 09:17:24Z" duration="0.036277" asserts="0">
                <properties>
                  <property name="retryIteration" value="0" />
                  <property name="repeatIteration" value="0" />
                </properties>
              </test-case>
              <test-case id="1024" name="FitsBatchRejectsOneHundredEventsPlusKeepAlive" fullname="Attriax.Unity.Tests.AttriaxGeneratedGatewayTests.FitsBatchRejectsOneHundredEventsPlusKeepAlive" methodname="FitsBatchRejectsOneHundredEventsPlusKeepAlive" classname="Attriax.Unity.Tests.AttriaxGeneratedGatewayTests" runstate="Runnable" seed="1680638700" result="Passed" start-time="2026-05-20 09:17:24Z" end-time="2026-05-20 09:17:24Z" duration="0.005606" asserts="0">
                <properties>
                  <property name="retryIteration" value="0" />
                  <property name="repeatIteration" value="0" />
                </properties>
              </test-case>
            </test-suite>
            <test-suite type="TestFixture" id="1026" name="AttriaxGeneratedRequestFactoryTests" fullname="Attriax.Unity.Tests.AttriaxGeneratedRequestFactoryTests" classname="Attriax.Unity.Tests.AttriaxGeneratedRequestFactoryTests" runstate="Runnable" testcasecount="5" result="Passed" start-time="2026-05-20 09:17:24Z" end-time="2026-05-20 09:17:24Z" duration="0.008007" total="5" passed="5" failed="0" inconclusive="0" skipped="0" asserts="0">
              <properties />
              <test-case id="1031" name="BuildOpenRequestIncludesInstallReferrerContextFields" fullname="Attriax.Unity.Tests.AttriaxGeneratedRequestFactoryTests.BuildOpenRequestIncludesInstallReferrerContextFields" methodname="BuildOpenRequestIncludesInstallReferrerContextFields" classname="Attriax.Unity.Tests.AttriaxGeneratedRequestFactoryTests" runstate="Runnable" seed="1253695574" result="Passed" start-time="2026-05-20 09:17:24Z" end-time="2026-05-20 09:17:24Z" duration="0.003169" asserts="0">
                <properties>
                  <property name="retryIteration" value="0" />
                  <property name="repeatIteration" value="0" />
                </properties>
              </test-case>
              <test-case id="1030" name="BuildOpenRequestIncludesTypedScreenMetrics" fullname="Attriax.Unity.Tests.AttriaxGeneratedRequestFactoryTests.BuildOpenRequestIncludesTypedScreenMetrics" methodname="BuildOpenRequestIncludesTypedScreenMetrics" classname="Attriax.Unity.Tests.AttriaxGeneratedRequestFactoryTests" runstate="Runnable" seed="535323264" result="Passed" start-time="2026-05-20 09:17:24Z" end-time="2026-05-20 09:17:24Z" duration="0.000945" asserts="0">
                <properties>
                  <property name="retryIteration" value="0" />
                  <property name="repeatIteration" value="0" />
                </properties>
              </test-case>
              <test-case id="1028" name="BuildRegisterUninstallTokenRequestReturnsGeneratedDtoWithEnumProvider" fullname="Attriax.Unity.Tests.AttriaxGeneratedRequestFactoryTests.BuildRegisterUninstallTokenRequestReturnsGeneratedDtoWithEnumProvider" methodname="BuildRegisterUninstallTokenRequestReturnsGeneratedDtoWithEnumProvider" classname="Attriax.Unity.Tests.AttriaxGeneratedRequestFactoryTests" runstate="Runnable" seed="1782635095" result="Passed" start-time="2026-05-20 09:17:24Z" end-time="2026-05-20 09:17:24Z" duration="0.001369" asserts="0">
                <properties>
                  <property name="retryIteration" value="0" />
                  <property name="repeatIteration" value="0" />
                </properties>
              </test-case>
              <test-case id="1029" name="BuildRegisterUninstallTokenRequestSupportsApnsProvider" fullname="Attriax.Unity.Tests.AttriaxGeneratedRequestFactoryTests.BuildRegisterUninstallTokenRequestSupportsApnsProvider" methodname="BuildRegisterUninstallTokenRequestSupportsApnsProvider" classname="Attriax.Unity.Tests.AttriaxGeneratedRequestFactoryTests" runstate="Runnable" seed="1677544403" result="Passed" start-time="2026-05-20 09:17:24Z" end-time="2026-05-20 09:17:24Z" duration="0.000150" asserts="0">
                <properties>
                  <property name="retryIteration" value="0" />
                  <property name="repeatIteration" value="0" />
                </properties>
              </test-case>
              <test-case id="1027" name="BuildValidateReceiptRequestReturnsGeneratedDtoWithNormalizedFields" fullname="Attriax.Unity.Tests.AttriaxGeneratedRequestFactoryTests.BuildValidateReceiptRequestReturnsGeneratedDtoWithNormalizedFields" methodname="BuildValidateReceiptRequestReturnsGeneratedDtoWithNormalizedFields" classname="Attriax.Unity.Tests.AttriaxGeneratedRequestFactoryTests" runstate="Runnable" seed="2050665516" result="Passed" start-time="2026-05-20 09:17:24Z" end-time="2026-05-20 09:17:24Z" duration="0.000925" asserts="0">
                <properties>
                  <property name="retryIteration" value="0" />
                  <property name="repeatIteration" value="0" />
                </properties>
              </test-case>
            </test-suite>
            <test-suite type="TestFixture" id="1032" name="AttriaxInitialDeepLinkStateTests" fullname="Attriax.Unity.Tests.AttriaxInitialDeepLinkStateTests" classname="Attriax.Unity.Tests.AttriaxInitialDeepLinkStateTests" runstate="Runnable" testcasecount="1" result="Passed" start-time="2026-05-20 09:17:24Z" end-time="2026-05-20 09:17:24Z" duration="0.002939" total="1" passed="1" failed="0" inconclusive="0" skipped="0" asserts="0">
              <properties />
              <test-case id="1033" name="WaitForInitialDeepLinkStartsPendingBeforeInitialization" fullname="Attriax.Unity.Tests.AttriaxInitialDeepLinkStateTests.WaitForInitialDeepLinkStartsPendingBeforeInitialization" methodname="WaitForInitialDeepLinkStartsPendingBeforeInitialization" classname="Attriax.Unity.Tests.AttriaxInitialDeepLinkStateTests" runstate="Runnable" seed="1064013126" result="Passed" start-time="2026-05-20 09:17:24Z" end-time="2026-05-20 09:17:24Z" duration="0.001746" asserts="0">
                <properties>
                  <property name="retryIteration" value="0" />
                  <property name="repeatIteration" value="0" />
                </properties>
              </test-case>
            </test-suite>
            <test-suite type="TestFixture" id="1034" name="AttriaxInstallReferrerStateTests" fullname="Attriax.Unity.Tests.AttriaxInstallReferrerStateTests" classname="Attriax.Unity.Tests.AttriaxInstallReferrerStateTests" runstate="Runnable" testcasecount="4" result="Passed" start-time="2026-05-20 09:17:24Z" end-time="2026-05-20 09:17:24Z" duration="0.008552" total="4" passed="4" failed="0" inconclusive="0" skipped="0" asserts="0">
              <properties />
              <test-case id="1036" name="PrepareForEnabledStateCompletesWithCachedDetails" fullname="Attriax.Unity.Tests.AttriaxInstallReferrerStateTests.PrepareForEnabledStateCompletesWithCachedDetails" methodname="PrepareForEnabledStateCompletesWithCachedDetails" classname="Attriax.Unity.Tests.AttriaxInstallReferrerStateTests" runstate="Runnable" seed="623309364" result="Passed" start-time="2026-05-20 09:17:24Z" end-time="2026-05-20 09:17:24Z" duration="0.001193" asserts="0">
                <properties>
                  <property name="retryIteration" value="0" />
                  <property name="repeatIteration" value="0" />
                </properties>
              </test-case>
              <test-case id="1037" name="PrepareForEnabledStateReopensAfterDisabledCompletion" fullname="Attriax.Unity.Tests.AttriaxInstallReferrerStateTests.PrepareForEnabledStateReopensAfterDisabledCompletion" methodname="PrepareForEnabledStateReopensAfterDisabledCompletion" classname="Attriax.Unity.Tests.AttriaxInstallReferrerStateTests" runstate="Runnable" seed="1907914673" result="Passed" start-time="2026-05-20 09:17:24Z" end-time="2026-05-20 09:17:24Z" duration="0.000945" asserts="0">
                <properties>
                  <property name="retryIteration" value="0" />
                  <property name="repeatIteration" value="0" />
                </properties>
              </test-case>
              <test-case id="1038" name="ResetRestoresThePreInitializationContract" fullname="Attriax.Unity.Tests.AttriaxInstallReferrerStateTests.ResetRestoresThePreInitializationContract" methodname="ResetRestoresThePreInitializationContract" classname="Attriax.Unity.Tests.AttriaxInstallReferrerStateTests" runstate="Runnable" seed="1573201623" result="Passed" start-time="2026-05-20 09:17:24Z" end-time="2026-05-20 09:17:24Z" duration="0.004929" asserts="0">
                <properties>
                  <property name="retryIteration" value="0" />
                  <property name="repeatIteration" value="0" />
                </properties>
              </test-case>
              <test-case id="1035" name="TaskThrowsBeforeInitialization" fullname="Attriax.Unity.Tests.AttriaxInstallReferrerStateTests.TaskThrowsBeforeInitialization" methodname="TaskThrowsBeforeInitialization" classname="Attriax.Unity.Tests.AttriaxInstallReferrerStateTests" runstate="Runnable" seed="689748672" result="Passed" start-time="2026-05-20 09:17:24Z" end-time="2026-05-20 09:17:24Z" duration="0.000485" asserts="0">
                <properties>
                  <property name="retryIteration" value="0" />
                  <property name="repeatIteration" value="0" />
                </properties>
              </test-case>
            </test-suite>
            <test-suite type="TestFixture" id="1039" name="AttriaxRequestQueueTests" fullname="Attriax.Unity.Tests.AttriaxRequestQueueTests" classname="Attriax.Unity.Tests.AttriaxRequestQueueTests" runstate="Runnable" testcasecount="5" result="Passed" start-time="2026-05-20 09:17:24Z" end-time="2026-05-20 09:17:24Z" duration="0.043903" total="5" passed="5" failed="0" inconclusive="0" skipped="0" asserts="0">
              <properties />
              <test-case id="1041" name="ClearRejectsPendingRequestsAndRemovesPersistedQueue" fullname="Attriax.Unity.Tests.AttriaxRequestQueueTests.ClearRejectsPendingRequestsAndRemovesPersistedQueue" methodname="ClearRejectsPendingRequestsAndRemovesPersistedQueue" classname="Attriax.Unity.Tests.AttriaxRequestQueueTests" runstate="Runnable" seed="111037957" result="Passed" start-time="2026-05-20 09:17:24Z" end-time="2026-05-20 09:17:24Z" duration="0.018134" asserts="0">
                <properties>
                  <property name="retryIteration" value="0" />
                  <property name="repeatIteration" value="0" />
                </properties>
              </test-case>
              <test-case id="1040" name="ConstructorDropsInvalidPersistedPayload" fullname="Attriax.Unity.Tests.AttriaxRequestQueueTests.ConstructorDropsInvalidPersistedPayload" methodname="ConstructorDropsInvalidPersistedPayload" classname="Attriax.Unity.Tests.AttriaxRequestQueueTests" runstate="Runnable" seed="1597727151" result="Passed" start-time="2026-05-20 09:17:24Z" end-time="2026-05-20 09:17:24Z" duration="0.002031" asserts="0">
                <properties>
                  <property name="retryIteration" value="0" />
                  <property name="repeatIteration" value="0" />
                </properties>
              </test-case>
              <test-case id="1044" name="DiscardWhereRemovesMatchingEntriesAndRejectsPendingRequests" fullname="Attriax.Unity.Tests.AttriaxRequestQueueTests.DiscardWhereRemovesMatchingEntriesAndRejectsPendingRequests" methodname="DiscardWhereRemovesMatchingEntriesAndRejectsPendingRequests" classname="Attriax.Unity.Tests.AttriaxRequestQueueTests" runstate="Runnable" seed="250728004" result="Passed" start-time="2026-05-20 09:17:24Z" end-time="2026-05-20 09:17:24Z" duration="0.004800" asserts="0">
                <properties>
                  <property name="retryIteration" value="0" />
                  <property name="repeatIteration" value="0" />
                </properties>
              </test-case>
              <test-case id="1043" name="PeekBatchablePrefixStopsAtEnvelopeBoundaries" fullname="Attriax.Unity.Tests.AttriaxRequestQueueTests.PeekBatchablePrefixStopsAtEnvelopeBoundaries" methodname="PeekBatchablePrefixStopsAtEnvelopeBoundaries" classname="Attriax.Unity.Tests.AttriaxRequestQueueTests" runstate="Runnable" seed="2076580315" result="Passed" start-time="2026-05-20 09:17:24Z" end-time="2026-05-20 09:17:24Z" duration="0.004544" asserts="0">
                <properties>
                  <property name="retryIteration" value="0" />
                  <property name="repeatIteration" value="0" />
                </properties>
              </test-case>
              <test-case id="1042" name="PrioritizeOpenRequestsMovesOpenEntriesToTheFront" fullname="Attriax.Unity.Tests.AttriaxRequestQueueTests.PrioritizeOpenRequestsMovesOpenEntriesToTheFront" methodname="PrioritizeOpenRequestsMovesOpenEntriesToTheFront" classname="Attriax.Unity.Tests.AttriaxRequestQueueTests" runstate="Runnable" seed="1584491537" result="Passed" start-time="2026-05-20 09:17:24Z" end-time="2026-05-20 09:17:24Z" duration="0.012917" asserts="0">
                <properties>
                  <property name="retryIteration" value="0" />
                  <property name="repeatIteration" value="0" />
                </properties>
              </test-case>
            </test-suite>
            <test-suite type="TestFixture" id="1045" name="AttriaxRuntimeBrowserActionTests" fullname="Attriax.Unity.Tests.AttriaxRuntimeBrowserActionTests" classname="Attriax.Unity.Tests.AttriaxRuntimeBrowserActionTests" runstate="Runnable" testcasecount="2" result="Passed" start-time="2026-05-20 09:17:24Z" end-time="2026-05-20 09:17:24Z" duration="0.007985" total="2" passed="2" failed="0" inconclusive="0" skipped="0" asserts="0">
              <properties />
              <test-case id="1047" name="BrowserActionsSkipOpenerWhenAutomaticHandlingDisabled" fullname="Attriax.Unity.Tests.AttriaxRuntimeBrowserActionTests.BrowserActionsSkipOpenerWhenAutomaticHandlingDisabled" methodname="BrowserActionsSkipOpenerWhenAutomaticHandlingDisabled" classname="Attriax.Unity.Tests.AttriaxRuntimeBrowserActionTests" runstate="Runnable" seed="1505238911" result="Passed" start-time="2026-05-20 09:17:24Z" end-time="2026-05-20 09:17:24Z" duration="0.004208" asserts="0">
                <properties>
                  <property name="retryIteration" value="0" />
                  <property name="repeatIteration" value="0" />
                </properties>
              </test-case>
              <test-case id="1046" name="BrowserActionsUseInjectedOpenerWhenAutomaticHandlingEnabled" fullname="Attriax.Unity.Tests.AttriaxRuntimeBrowserActionTests.BrowserActionsUseInjectedOpenerWhenAutomaticHandlingEnabled" methodname="BrowserActionsUseInjectedOpenerWhenAutomaticHandlingEnabled" classname="Attriax.Unity.Tests.AttriaxRuntimeBrowserActionTests" runstate="Runnable" seed="163207775" result="Passed" start-time="2026-05-20 09:17:24Z" end-time="2026-05-20 09:17:24Z" duration="0.002542" asserts="0">
                <properties>
                  <property name="retryIteration" value="0" />
                  <property name="repeatIteration" value="0" />
                </properties>
              </test-case>
            </test-suite>
            <test-suite type="TestFixture" id="1048" name="AttriaxSessionManagerTests" fullname="Attriax.Unity.Tests.AttriaxSessionManagerTests" classname="Attriax.Unity.Tests.AttriaxSessionManagerTests" runstate="Runnable" testcasecount="3" result="Passed" start-time="2026-05-20 09:17:24Z" end-time="2026-05-20 09:17:24Z" duration="0.010574" total="3" passed="3" failed="0" inconclusive="0" skipped="0" asserts="0">
              <properties />
              <test-case id="1050" name="HandleSuccessfulForegroundFlushIgnoresStaleSessionIds" fullname="Attriax.Unity.Tests.AttriaxSessionManagerTests.HandleSuccessfulForegroundFlushIgnoresStaleSessionIds" methodname="HandleSuccessfulForegroundFlushIgnoresStaleSessionIds" classname="Attriax.Unity.Tests.AttriaxSessionManagerTests" runstate="Runnable" seed="1654920904" result="Passed" start-time="2026-05-20 09:17:24Z" end-time="2026-05-20 09:17:24Z" duration="0.005589" asserts="0">
                <properties>
                  <property name="retryIteration" value="0" />
                  <property name="repeatIteration" value="0" />
                </properties>
              </test-case>
              <test-case id="1049" name="HandleSuccessfulForegroundFlushUpdatesActivityAndResetsHeartbeatAccumulator" fullname="Attriax.Unity.Tests.AttriaxSessionManagerTests.HandleSuccessfulForegroundFlushUpdatesActivityAndResetsHeartbeatAccumulator" methodname="HandleSuccessfulForegroundFlushUpdatesActivityAndResetsHeartbeatAccumulator" classname="Attriax.Unity.Tests.AttriaxSessionManagerTests" runstate="Runnable" seed="246674454" result="Passed" start-time="2026-05-20 09:17:24Z" end-time="2026-05-20 09:17:24Z" duration="0.001782" asserts="0">
                <properties>
                  <property name="retryIteration" value="0" />
                  <property name="repeatIteration" value="0" />
                </properties>
              </test-case>
              <test-case id="1051" name="InitializeSkipsSessionCreationWhenConsentBlocksSessionTracking" fullname="Attriax.Unity.Tests.AttriaxSessionManagerTests.InitializeSkipsSessionCreationWhenConsentBlocksSessionTracking" methodname="InitializeSkipsSessionCreationWhenConsentBlocksSessionTracking" classname="Attriax.Unity.Tests.AttriaxSessionManagerTests" runstate="Runnable" seed="407133480" result="Passed" start-time="2026-05-20 09:17:24Z" end-time="2026-05-20 09:17:24Z" duration="0.000385" asserts="0">
                <properties>
                  <property name="retryIteration" value="0" />
                  <property name="repeatIteration" value="0" />
                </properties>
              </test-case>
            </test-suite>
            <test-suite type="TestFixture" id="1052" name="AttriaxSkanManagerTests" fullname="Attriax.Unity.Tests.AttriaxSkanManagerTests" classname="Attriax.Unity.Tests.AttriaxSkanManagerTests" runstate="Runnable" testcasecount="10" result="Passed" start-time="2026-05-20 09:17:24Z" end-time="2026-05-20 09:17:24Z" duration="0.070476" total="10" passed="10" failed="0" inconclusive="0" skipped="0" asserts="0">
              <properties />
              <test-case id="1061" name="AdShowSignalsUseLocalCount" fullname="Attriax.Unity.Tests.AttriaxSkanManagerTests.AdShowSignalsUseLocalCount" methodname="AdShowSignalsUseLocalCount" classname="Attriax.Unity.Tests.AttriaxSkanManagerTests" runstate="Runnable" seed="154687236" result="Passed" start-time="2026-05-20 09:17:24Z" end-time="2026-05-20 09:17:24Z" duration="0.032827" asserts="0">
                <properties>
                  <property name="retryIteration" value="0" />
                  <property name="repeatIteration" value="0" />
                </properties>
              </test-case>
              <test-case id="1062" name="AppOpenEvaluatesRetentionMilestonesFromConfiguredEvents" fullname="Attriax.Unity.Tests.AttriaxSkanManagerTests.AppOpenEvaluatesRetentionMilestonesFromConfiguredEvents" methodname="AppOpenEvaluatesRetentionMilestonesFromConfiguredEvents" classname="Attriax.Unity.Tests.AttriaxSkanManagerTests" runstate="Runnable" seed="121090913" result="Passed" start-time="2026-05-20 09:17:24Z" end-time="2026-05-20 09:17:24Z" duration="0.006156" asserts="0">
                <properties>
                  <property name="retryIteration" value="0" />
                  <property name="repeatIteration" value="0" />
                </properties>
              </test-case>
              <test-case id="1059" name="FailedNonUsdRevenueConversionFallsBackToSingleMicrousd" fullname="Attriax.Unity.Tests.AttriaxSkanManagerTests.FailedNonUsdRevenueConversionFallsBackToSingleMicrousd" methodname="FailedNonUsdRevenueConversionFallsBackToSingleMicrousd" classname="Attriax.Unity.Tests.AttriaxSkanManagerTests" runstate="Runnable" seed="1222568187" result="Passed" start-time="2026-05-20 09:17:24Z" end-time="2026-05-20 09:17:24Z" duration="0.004149" asserts="0">
                <properties>
                  <property name="retryIteration" value="0" />
                  <property name="repeatIteration" value="0" />
                </properties>
              </test-case>
              <test-case id="1053" name="InitializeRegistersFirstLaunchValue" fullname="Attriax.Unity.Tests.AttriaxSkanManagerTests.InitializeRegistersFirstLaunchValue" methodname="InitializeRegistersFirstLaunchValue" classname="Attriax.Unity.Tests.AttriaxSkanManagerTests" runstate="Runnable" seed="1574319035" result="Passed" start-time="2026-05-20 09:17:24Z" end-time="2026-05-20 09:17:24Z" duration="0.002233" asserts="0">
                <properties>
                  <property name="retryIteration" value="0" />
                  <property name="repeatIteration" value="0" />
                </properties>
              </test-case>
              <test-case id="1055" name="MatchingWindow1EventEncodesBitRange" fullname="Attriax.Unity.Tests.AttriaxSkanManagerTests.MatchingWindow1EventEncodesBitRange" methodname="MatchingWindow1EventEncodesBitRange" classname="Attriax.Unity.Tests.AttriaxSkanManagerTests" runstate="Runnable" seed="894561507" result="Passed" start-time="2026-05-20 09:17:24Z" end-time="2026-05-20 09:17:24Z" duration="0.006496" asserts="0">
                <properties>
                  <property name="retryIteration" value="0" />
                  <property name="repeatIteration" value="0" />
                </properties>
              </test-case>
              <test-case id="1056" name="MatchingWindow2EventAppliesCoarseOnlyUpdate" fullname="Attriax.Unity.Tests.AttriaxSkanManagerTests.MatchingWindow2EventAppliesCoarseOnlyUpdate" methodname="MatchingWindow2EventAppliesCoarseOnlyUpdate" classname="Attriax.Unity.Tests.AttriaxSkanManagerTests" runstate="Runnable" seed="106324595" result="Passed" start-time="2026-05-20 09:17:24Z" end-time="2026-05-20 09:17:24Z" duration="0.003276" asserts="0">
                <properties>
                  <property name="retryIteration" value="0" />
                  <property name="repeatIteration" value="0" />
                </properties>
              </test-case>
              <test-case id="1054" name="NonIosPlatformsSkipPersistedAndRuntimeSkanHandling" fullname="Attriax.Unity.Tests.AttriaxSkanManagerTests.NonIosPlatformsSkipPersistedAndRuntimeSkanHandling" methodname="NonIosPlatformsSkipPersistedAndRuntimeSkanHandling" classname="Attriax.Unity.Tests.AttriaxSkanManagerTests" runstate="Runnable" seed="1975863826" result="Passed" start-time="2026-05-20 09:17:24Z" end-time="2026-05-20 09:17:24Z" duration="0.001516" asserts="0">
                <properties>
                  <property name="retryIteration" value="0" />
                  <property name="repeatIteration" value="0" />
                </properties>
              </test-case>
              <test-case id="1058" name="NonUsdPurchaseRevenueUsesConverterBeforeMatching" fullname="Attriax.Unity.Tests.AttriaxSkanManagerTests.NonUsdPurchaseRevenueUsesConverterBeforeMatching" methodname="NonUsdPurchaseRevenueUsesConverterBeforeMatching" classname="Attriax.Unity.Tests.AttriaxSkanManagerTests" runstate="Runnable" seed="1893260279" result="Passed" start-time="2026-05-20 09:17:24Z" end-time="2026-05-20 09:17:24Z" duration="0.004486" asserts="0">
                <properties>
                  <property name="retryIteration" value="0" />
                  <property name="repeatIteration" value="0" />
                </properties>
              </test-case>
              <test-case id="1060" name="PurchaseCountDoesNotInventRevenue" fullname="Attriax.Unity.Tests.AttriaxSkanManagerTests.PurchaseCountDoesNotInventRevenue" methodname="PurchaseCountDoesNotInventRevenue" classname="Attriax.Unity.Tests.AttriaxSkanManagerTests" runstate="Runnable" seed="1751775017" result="Passed" start-time="2026-05-20 09:17:24Z" end-time="2026-05-20 09:17:24Z" duration="0.004446" asserts="0">
                <properties>
                  <property name="retryIteration" value="0" />
                  <property name="repeatIteration" value="0" />
                </properties>
              </test-case>
              <test-case id="1057" name="PurchaseSignalsUseLocalUsdRevenueAndCount" fullname="Attriax.Unity.Tests.AttriaxSkanManagerTests.PurchaseSignalsUseLocalUsdRevenueAndCount" methodname="PurchaseSignalsUseLocalUsdRevenueAndCount" classname="Attriax.Unity.Tests.AttriaxSkanManagerTests" runstate="Runnable" seed="297685215" result="Passed" start-time="2026-05-20 09:17:24Z" end-time="2026-05-20 09:17:24Z" duration="0.002607" asserts="0">
                <properties>
                  <property name="retryIteration" value="0" />
                  <property name="repeatIteration" value="0" />
                </properties>
              </test-case>
            </test-suite>
            <test-suite type="TestFixture" id="1063" name="AttriaxTrackingAuthorizationManagerTests" fullname="Attriax.Unity.Tests.AttriaxTrackingAuthorizationManagerTests" classname="Attriax.Unity.Tests.AttriaxTrackingAuthorizationManagerTests" runstate="Runnable" testcasecount="6" result="Passed" start-time="2026-05-20 09:17:24Z" end-time="2026-05-20 09:17:25Z" duration="0.314280" total="6" passed="6" failed="0" inconclusive="0" skipped="0" asserts="0">
              <properties />
              <test-case id="1064" name="GetTrackingAuthorizationStatusReadsPlatformWhenAdIdsDisabled" fullname="Attriax.Unity.Tests.AttriaxTrackingAuthorizationManagerTests.GetTrackingAuthorizationStatusReadsPlatformWhenAdIdsDisabled" methodname="GetTrackingAuthorizationStatusReadsPlatformWhenAdIdsDisabled" classname="Attriax.Unity.Tests.AttriaxTrackingAuthorizationManagerTests" runstate="Runnable" seed="1081558734" result="Passed" start-time="2026-05-20 09:17:24Z" end-time="2026-05-20 09:17:24Z" duration="0.003235" asserts="0">
                <properties>
                  <property name="retryIteration" value="0" />
                  <property name="repeatIteration" value="0" />
                </properties>
              </test-case>
              <test-case id="1065" name="RequestTrackingAuthorizationForwardsRealRequestWhenAdIdsDisabled" fullname="Attriax.Unity.Tests.AttriaxTrackingAuthorizationManagerTests.RequestTrackingAuthorizationForwardsRealRequestWhenAdIdsDisabled" methodname="RequestTrackingAuthorizationForwardsRealRequestWhenAdIdsDisabled" classname="Attriax.Unity.Tests.AttriaxTrackingAuthorizationManagerTests" runstate="Runnable" seed="1046745678" result="Passed" start-time="2026-05-20 09:17:24Z" end-time="2026-05-20 09:17:24Z" duration="0.002820" asserts="0">
                <properties>
                  <property name="retryIteration" value="0" />
                  <property name="repeatIteration" value="0" />
                </properties>
              </test-case>
              <test-case id="1066" name="RequestTrackingAuthorizationOnInitRequestsOnceBeforeStartupCollection" fullname="Attriax.Unity.Tests.AttriaxTrackingAuthorizationManagerTests.RequestTrackingAuthorizationOnInitRequestsOnceBeforeStartupCollection" methodname="RequestTrackingAuthorizationOnInitRequestsOnceBeforeStartupCollection" classname="Attriax.Unity.Tests.AttriaxTrackingAuthorizationManagerTests" runstate="Runnable" seed="286561721" result="Passed" start-time="2026-05-20 09:17:24Z" end-time="2026-05-20 09:17:24Z" duration="0.001943" asserts="0">
                <properties>
                  <property name="retryIteration" value="0" />
                  <property name="repeatIteration" value="0" />
                </properties>
              </test-case>
              <test-case id="1068" name="RequestTrackingAuthorizationTimesOutWhenStatusNeverResolves" fullname="Attriax.Unity.Tests.AttriaxTrackingAuthorizationManagerTests.RequestTrackingAuthorizationTimesOutWhenStatusNeverResolves" methodname="RequestTrackingAuthorizationTimesOutWhenStatusNeverResolves" classname="Attriax.Unity.Tests.AttriaxTrackingAuthorizationManagerTests" runstate="Runnable" seed="546831551" result="Passed" start-time="2026-05-20 09:17:24Z" end-time="2026-05-20 09:17:25Z" duration="0.105947" asserts="0">
                <properties>
                  <property name="retryIteration" value="0" />
                  <property name="repeatIteration" value="0" />
                </properties>
              </test-case>
              <test-case id="1067" name="RequestTrackingAuthorizationWaitsForResolvedStatusAfterPrematureNotDetermined" fullname="Attriax.Unity.Tests.AttriaxTrackingAuthorizationManagerTests.RequestTrackingAuthorizationWaitsForResolvedStatusAfterPrematureNotDetermined" methodname="RequestTrackingAuthorizationWaitsForResolvedStatusAfterPrematureNotDetermined" classname="Attriax.Unity.Tests.AttriaxTrackingAuthorizationManagerTests" runstate="Runnable" seed="1008486000" result="Passed" start-time="2026-05-20 09:17:25Z" end-time="2026-05-20 09:17:25Z" duration="0.048605" asserts="0">
                <properties>
                  <property name="retryIteration" value="0" />
                  <property name="repeatIteration" value="0" />
                </properties>
              </test-case>
              <test-case id="1069" name="StartupPollingJoinsExplicitTrackingAuthorizationRequest" fullname="Attriax.Unity.Tests.AttriaxTrackingAuthorizationManagerTests.StartupPollingJoinsExplicitTrackingAuthorizationRequest" methodname="StartupPollingJoinsExplicitTrackingAuthorizationRequest" classname="Attriax.Unity.Tests.AttriaxTrackingAuthorizationManagerTests" runstate="Runnable" seed="463758865" result="Passed" start-time="2026-05-20 09:17:25Z" end-time="2026-05-20 09:17:25Z" duration="0.150169" asserts="0">
                <properties>
                  <property name="retryIteration" value="0" />
                  <property name="repeatIteration" value="0" />
                </properties>
                <output><![CDATA[Saving results to: TestResults\editmode-results.xml
]]></output>
              </test-case>
            </test-suite>
          </test-suite>
        </test-suite>
      </test-suite>
    </test-suite>
  </test-suite>
</test-run>